[
  {
    "line": 2,
    "elements": [
      {
        "line": 6,
        "name": "View Project List",
        "description": "",
        "id": "view-project-list;view-project-list",
        "type": "scenario",
        "keyword": "Scenario",
        "steps": [
          {
            "result": {
              "duration": 2209997460,
              "status": "passed"
            },
            "line": 7,
            "name": "I want to open browser",
            "match": {
              "location": "MainSteps.openBrowser()"
            },
            "keyword": "Given "
          },
          {
            "result": {
              "duration": 1136463316,
              "status": "passed"
            },
            "line": 8,
            "name": "I want to maximize window",
            "match": {
              "location": "MainSteps.maximizeWindow()"
            },
            "keyword": "When "
          },
          {
            "result": {
              "duration": 1002679259,
              "status": "passed"
            },
            "line": 9,
            "name": "I want to go to OOB",
            "match": {
              "location": "MainSteps.goToOOB()"
            },
            "keyword": "When "
          },
          {
            "result": {
              "duration": 8224201851,
              "status": "passed"
            },
            "line": 10,
            "name": "I want to verify I\u0027m in OOB main page",
            "match": {
              "location": "MainSteps.verifyLoginToOOB()"
            },
            "keyword": "Then "
          },
          {
            "result": {
              "duration": 9139185243,
              "status": "passed"
            },
            "line": 11,
            "name": "I want to go to projects list",
            "match": {
              "location": "AddProjectSteps.clickProjectsList()"
            },
            "keyword": "When "
          },
          {
            "result": {
              "duration": 110874131,
              "status": "passed"
            },
            "line": 12,
            "name": "I want to verify project list page",
            "match": {
              "location": "AddProjectSteps.verifyProjectListPage()"
            },
            "keyword": "Then "
          },
          {
            "result": {
              "duration": 3675186114,
              "status": "passed"
            },
            "line": 13,
            "name": "I want to click Add new project button",
            "match": {
              "location": "AddProjectSteps.clickAddNewProjectButton()"
            },
            "keyword": "When "
          },
          {
            "result": {
              "error_message": "com.kms.katalon.core.exception.StepFailedException: Unable to verify object \u0027Object Repository/OOBObjects/ProjectsListObjects/ProjectWalletSection\u0027 is present\r\n\tat com.kms.katalon.core.webui.keyword.internal.WebUIKeywordMain.stepFailed(WebUIKeywordMain.groovy:64)\r\n\tat com.kms.katalon.core.webui.keyword.internal.WebUIKeywordMain.runKeyword(WebUIKeywordMain.groovy:26)\r\n\tat com.kms.katalon.core.webui.keyword.builtin.VerifyElementPresentKeyword.verifyElementPresent(VerifyElementPresentKeyword.groovy:92)\r\n\tat com.kms.katalon.core.webui.keyword.builtin.VerifyElementPresentKeyword.execute(VerifyElementPresentKeyword.groovy:68)\r\n\tat com.kms.katalon.core.keyword.internal.KeywordExecutor.executeKeywordForPlatform(KeywordExecutor.groovy:56)\r\n\tat com.kms.katalon.core.webui.keyword.WebUiBuiltInKeywords.verifyElementPresent(WebUiBuiltInKeywords.groovy:1434)\r\n\tat com.kms.katalon.core.webui.keyword.WebUiBuiltInKeywords$verifyElementPresent$3.call(Unknown Source)\r\n\tat com.pmo.steps.AddProjectSteps.verifyAddNewProjectForm(AddProjectSteps.groovy:152)\r\n\tat âœ½.I want to verify add new project form(C:/Users/HP/git/PMO-Web-Application/Include/features/Governance-Module/Add-Project/002-Verify-Project-Creation-Form.feature:14)\r\nCaused by: com.kms.katalon.core.exception.StepFailedException: com.kms.katalon.core.webui.exception.WebElementNotFoundException: Web element with id: \u0027Object Repository/OOBObjects/ProjectsListObjects/ProjectWalletSection\u0027 located by \u0027By.xpath: \u0027 not found\r\n\tat com.kms.katalon.core.webui.keyword.internal.WebUIKeywordMain.stepFailed(WebUIKeywordMain.groovy:64)\r\n\tat com.kms.katalon.core.webui.keyword.builtin.VerifyElementPresentKeyword$_verifyElementPresent_closure1.doCall(VerifyElementPresentKeyword.groovy:85)\r\n\tat com.kms.katalon.core.webui.keyword.builtin.VerifyElementPresentKeyword$_verifyElementPresent_closure1.call(VerifyElementPresentKeyword.groovy)\r\n\tat com.kms.katalon.core.webui.keyword.internal.WebUIKeywordMain.runKeyword(WebUIKeywordMain.groovy:20)\r\n\tat com.kms.katalon.core.webui.keyword.builtin.VerifyElementPresentKeyword.verifyElementPresent(VerifyElementPresentKeyword.groovy:92)\r\n\tat com.kms.katalon.core.webui.keyword.builtin.VerifyElementPresentKeyword.execute(VerifyElementPresentKeyword.groovy:68)\r\n\tat com.kms.katalon.core.keyword.internal.KeywordExecutor.executeKeywordForPlatform(KeywordExecutor.groovy:56)\r\n\tat com.kms.katalon.core.webui.keyword.WebUiBuiltInKeywords.verifyElementPresent(WebUiBuiltInKeywords.groovy:1434)\r\n\tat com.kms.katalon.core.webui.keyword.WebUiBuiltInKeywords$verifyElementPresent$3.call(Unknown Source)\r\n\tat com.pmo.steps.AddProjectSteps.verifyAddNewProjectForm(AddProjectSteps.groovy:152)\r\n\tat cucumber.runtime.Utils$1.call(Utils.java:26)\r\n\tat cucumber.runtime.Timeout.timeout(Timeout.java:16)\r\n\tat cucumber.runtime.Utils.invoke(Utils.java:20)\r\n\tat cucumber.runtime.java.JavaStepDefinition.execute(JavaStepDefinition.java:48)\r\n\tat cucumber.runtime.PickleStepDefinitionMatch.runStep(PickleStepDefinitionMatch.java:50)\r\n\tat cucumber.runner.TestStep.executeStep(TestStep.java:55)\r\n\tat cucumber.runner.TestStep.run(TestStep.java:42)\r\n\tat cucumber.runner.PickleStepTestStep.run(PickleStepTestStep.java:53)\r\n\tat cucumber.runner.TestCase.run(TestCase.java:47)\r\n\tat cucumber.runner.Runner.runPickle(Runner.java:44)\r\n\tat cucumber.runtime.Runtime.runFeature(Runtime.java:120)\r\n\tat cucumber.runtime.Runtime.run(Runtime.java:106)\r\n\tat cucumber.api.cli.Main.run(Main.java:35)\r\n\tat cucumber.api.cli.Main$run.call(Unknown Source)\r\n\tat com.kms.katalon.core.cucumber.keyword.CucumberBuiltinKeywords$_runFeatureFile_closure1.doCall(CucumberBuiltinKeywords.groovy:76)\r\n\tat com.kms.katalon.core.cucumber.keyword.CucumberBuiltinKeywords$_runFeatureFile_closure1.doCall(CucumberBuiltinKeywords.groovy)\r\n\tat com.kms.katalon.core.keyword.internal.KeywordMain.runKeyword(KeywordMain.groovy:66)\r\n\tat com.kms.katalon.core.keyword.internal.KeywordMain$runKeyword.call(Unknown Source)\r\n\tat com.kms.katalon.core.cucumber.keyword.CucumberBuiltinKeywords.runFeatureFile(CucumberBuiltinKeywords.groovy:46)\r\n\tat com.kms.katalon.core.cucumber.keyword.CucumberBuiltinKeywords$runFeatureFile$0.callStatic(Unknown Source)\r\n\tat com.kms.katalon.core.cucumber.keyword.CucumberBuiltinKeywords.runFeatureFile(CucumberBuiltinKeywords.groovy:101)\r\n\tat com.kms.katalon.core.cucumber.keyword.CucumberBuiltinKeywords$runFeatureFile.call(Unknown Source)\r\n\tat 002-Verify-Project-Creation-Form.run(002-Verify-Project-Creation-Form:16)\r\n\tat com.kms.katalon.core.main.ScriptEngine.run(ScriptEngine.java:194)\r\n\tat com.kms.katalon.core.main.ScriptEngine.runScriptAsRawText(ScriptEngine.java:119)\r\n\tat com.kms.katalon.core.main.TestCaseExecutor.runScript(TestCaseExecutor.java:331)\r\n\tat com.kms.katalon.core.main.TestCaseExecutor.doExecute(TestCaseExecutor.java:322)\r\n\tat com.kms.katalon.core.main.TestCaseExecutor.processExecutionPhase(TestCaseExecutor.java:301)\r\n\tat com.kms.katalon.core.main.TestCaseExecutor.accessMainPhase(TestCaseExecutor.java:293)\r\n\tat com.kms.katalon.core.main.TestCaseExecutor.execute(TestCaseExecutor.java:227)\r\n\tat com.kms.katalon.core.main.TestSuiteExecutor.accessTestCaseMainPhase(TestSuiteExecutor.java:129)\r\n\tat com.kms.katalon.core.main.TestSuiteExecutor.accessTestSuiteMainPhase(TestSuiteExecutor.java:112)\r\n\tat com.kms.katalon.core.main.TestSuiteExecutor.execute(TestSuiteExecutor.java:81)\r\n\tat com.kms.katalon.core.main.TestCaseMain.startTestSuite(TestCaseMain.java:157)\r\n\tat com.kms.katalon.core.main.TestCaseMain$startTestSuite$0.call(Unknown Source)\r\n\tat TempTestSuite1558259224413.run(TempTestSuite1558259224413.groovy:35)\r\n",
              "duration": 32441243933,
              "status": "failed"
            },
            "line": 14,
            "name": "I want to verify add new project form",
            "match": {
              "location": "AddProjectSteps.verifyAddNewProjectForm()"
            },
            "keyword": "Then "
          }
        ],
        "tags": [
          {
            "name": "@PMO"
          },
          {
            "name": "@smoke"
          }
        ]
      }
    ],
    "name": "View Project List",
    "description": "  I want to View Project List",
    "id": "view-project-list",
    "keyword": "Feature",
    "uri": "C:/Users/HP/git/PMO-Web-Application/Include/features/Governance-Module/Add-Project/002-Verify-Project-Creation-Form.feature",
    "tags": [
      {
        "name": "@PMO",
        "type": "Tag",
        "location": {
          "line": 1,
          "column": 1
        }
      }
    ]
  }
]