<?xml version="1.0" encoding="UTF-8"?>
<testsuites name="First-Test-Suite" time="341" tests="12" failures="1" errors="0">
   <testsuite name="First-Test-Suite" tests="12" failures="1" errors="0" time="341" timestamp="2019-04-15 14:36:05" hostname="HP - 10.152.103.59" id="Test Suites/First-Test-Suite">
      <properties>
         <property name="deviceName" value=""/>
         <property name="devicePlatform" value=""/>
         <property name="logFolder" value="C:\\Users\\HP\\git\\PMO-Web-Application\\Reports\\First-Test-Suite\\20190415_143604"/>
         <property name="logFiles" value="C:\\Users\\HP\\git\\PMO-Web-Application\\Reports\\First-Test-Suite\\20190415_143604\\execution0.log"/>
         <property name="attachments" value="C:\\Users\\HP\\git\\PMO-Web-Application\\Reports\\First-Test-Suite\\20190415_143604\\1555328238431.png"/>
         <property name="hostName" value="HP - 10.152.103.59"/>
         <property name="os" value="Windows 10 64bit"/>
         <property name="katalonVersion" value="6.0.6.4"/>
         <property name="browser" value="Chrome 73.0.3683.103"/>
         <property name="hostAddress" value="10.152.103.59"/>
         <property name="sessionId" value="985d8470d96c9b3ae9c7d1916d05a9f0"/>
         <property name="seleniumVersion" value="3.7.1"/>
         <property name="proxyInformation" value="ProxyInformation{proxyOption=NO_PROXY, proxyServerType=HTTP, password=, proxyServerAddress=, proxyServerPort=0}"/>
         <property name="platform" value="Windows 10"/>
      </properties>
      <testcase name="Test Cases/Main-Test-Cases/001-Login-To-OOB" classname="Test Cases/Main-Test-Cases/001-Login-To-OOB" status="PASSED">
         <system-out><![CDATA[2019-04-15 14:36:05 - [TEST_CASE][PASSED] - Test Cases/Main-Test-Cases/001-Login-To-OOB: Test Cases/Main-Test-Cases/001-Login-To-OOB

2019-04-15 14:36:05 - [TEST_STEP][PASSED] - runFeatureFile("Include/features/Main-Features/001-Login-to-OOB.feature"): Feature file: 'Include/features/Main-Features/001-Login-to-OOB.feature' was passed

2019-04-15 14:36:05 - [MESSAGE][INFO] - Starting run keyword runFeatureFile: 'Include/features/Main-Features/001-Login-to-OOB.feature' and extract report to folder: 'C:\Users\HP\git\PMO-Web-Application\Reports\First-Test-Suite\20190415_143604/cucumber_report/1555328165892'...

2019-04-15 14:36:06 - [TEST_CASE][PASSED] - Start Test Case : SCENARIO Login to OOB: SCENARIO Login to OOB

2019-04-15 14:36:06 - [TEST_STEP][PASSED] - I want to open browser: I want to open browser

2019-04-15 14:36:06 - [MESSAGE][INFO] - Starting 'Chrome' driver

2019-04-15 14:36:06 - [MESSAGE][INFO] - Action delay is set to 0 seconds

2019-04-15 14:36:09 - [MESSAGE][PASSED] - Browser is opened with url: ''

2019-04-15 14:36:09 - [MESSAGE][PASSED] - Delete all cookies successfully

2019-04-15 14:36:09 - [MESSAGE][PASSED] - I want to open browser

2019-04-15 14:36:09 - [TEST_STEP][PASSED] - I want to maximize window: I want to maximize window

2019-04-15 14:36:10 - [MESSAGE][PASSED] - Current window maximized

2019-04-15 14:36:10 - [MESSAGE][PASSED] - I want to maximize window

2019-04-15 14:36:10 - [TEST_STEP][PASSED] - I want to go to OOB: I want to go to OOB

2019-04-15 14:36:25 - [MESSAGE][PASSED] - Navigate to 'http://pmoadmin:P@ssw0rd@dev5.cloudapp.net/OOB2/' successfully

2019-04-15 14:36:25 - [MESSAGE][PASSED] - I want to go to OOB

2019-04-15 14:36:25 - [TEST_STEP][PASSED] - I want to verify I'm in OOB main page: I want to verify I'm in OOB main page

2019-04-15 14:36:25 - [MESSAGE][WARNING] - Timeout '0' is invalid. Using default page load timeout: '30'

2019-04-15 14:36:25 - [MESSAGE][PASSED] - Object 'Object Repository/OOB-Objects/OOB-Side-Bar' is present

2019-04-15 14:36:25 - [MESSAGE][PASSED] - I want to verify I'm in OOB main page

2019-04-15 14:36:25 - [TEST_STEP][PASSED] - I want to close browser: I want to close browser

2019-04-15 14:36:26 - [MESSAGE][PASSED] - Browser is closed

2019-04-15 14:36:26 - [MESSAGE][PASSED] - I want to close browser

2019-04-15 14:36:26 - [MESSAGE][PASSED] - Feature file: 'Include/features/Main-Features/001-Login-to-OOB.feature' was passed]]></system-out>
         <system-err><![CDATA[]]></system-err>
      </testcase>
      <testcase name="Test Cases/Main-Test-Cases/002-Verify-OOB-HomePage" classname="Test Cases/Main-Test-Cases/002-Verify-OOB-HomePage" status="PASSED">
         <system-out><![CDATA[2019-04-15 14:36:26 - [TEST_CASE][PASSED] - Test Cases/Main-Test-Cases/002-Verify-OOB-HomePage: Test Cases/Main-Test-Cases/002-Verify-OOB-HomePage

2019-04-15 14:36:26 - [TEST_STEP][PASSED] - runFeatureFile("Include/features/Main-Features/002-Verify-OOB-HomePage.feature"): Feature file: 'Include/features/Main-Features/002-Verify-OOB-HomePage.feature' was passed

2019-04-15 14:36:26 - [MESSAGE][INFO] - Starting run keyword runFeatureFile: 'Include/features/Main-Features/002-Verify-OOB-HomePage.feature' and extract report to folder: 'C:\Users\HP\git\PMO-Web-Application\Reports\First-Test-Suite\20190415_143604/cucumber_report/1555328186542'...

2019-04-15 14:36:26 - [TEST_CASE][PASSED] - Start Test Case : SCENARIO verify OOB home page elements: SCENARIO verify OOB home page elements

2019-04-15 14:36:26 - [TEST_STEP][PASSED] - I want to open browser: I want to open browser

2019-04-15 14:36:26 - [MESSAGE][INFO] - Starting 'Chrome' driver

2019-04-15 14:36:28 - [MESSAGE][PASSED] - Browser is opened with url: ''

2019-04-15 14:36:28 - [MESSAGE][PASSED] - Delete all cookies successfully

2019-04-15 14:36:28 - [MESSAGE][PASSED] - I want to open browser

2019-04-15 14:36:28 - [TEST_STEP][PASSED] - I want to maximize window: I want to maximize window

2019-04-15 14:36:29 - [MESSAGE][PASSED] - Current window maximized

2019-04-15 14:36:29 - [MESSAGE][PASSED] - I want to maximize window

2019-04-15 14:36:29 - [TEST_STEP][PASSED] - I want to go to OOB: I want to go to OOB

2019-04-15 14:36:46 - [MESSAGE][PASSED] - Navigate to 'http://pmoadmin:P@ssw0rd@dev5.cloudapp.net/OOB2/' successfully

2019-04-15 14:36:46 - [MESSAGE][PASSED] - I want to go to OOB

2019-04-15 14:36:46 - [TEST_STEP][PASSED] - I want to verify I'm in OOB main page: I want to verify I'm in OOB main page

2019-04-15 14:36:46 - [MESSAGE][WARNING] - Timeout '0' is invalid. Using default page load timeout: '30'

2019-04-15 14:36:46 - [MESSAGE][PASSED] - Object 'Object Repository/OOB-Objects/OOB-Side-Bar' is present

2019-04-15 14:36:46 - [MESSAGE][PASSED] - I want to verify I'm in OOB main page

2019-04-15 14:36:46 - [TEST_STEP][PASSED] - I want to verify Dashboard presents: I want to verify Dashboard presents

2019-04-15 14:36:46 - [MESSAGE][WARNING] - Timeout '0' is invalid. Using default page load timeout: '30'

2019-04-15 14:36:46 - [MESSAGE][PASSED] - Object 'Object Repository/OOB-Objects/Dashboard' is present

2019-04-15 14:36:46 - [MESSAGE][PASSED] - I want to verify Dashboard presents

2019-04-15 14:36:46 - [TEST_STEP][PASSED] - I want to verify Projects List presents: I want to verify Projects List presents

2019-04-15 14:36:46 - [MESSAGE][WARNING] - Timeout '0' is invalid. Using default page load timeout: '30'

2019-04-15 14:36:46 - [MESSAGE][PASSED] - Object 'Object Repository/OOB-Objects/Projects-List' is present

2019-04-15 14:36:46 - [MESSAGE][PASSED] - I want to verify Projects List presents

2019-04-15 14:36:46 - [TEST_STEP][PASSED] - I want to verify Strategy Center presents: I want to verify Strategy Center presents

2019-04-15 14:36:46 - [MESSAGE][WARNING] - Timeout '0' is invalid. Using default page load timeout: '30'

2019-04-15 14:36:46 - [MESSAGE][PASSED] - Object 'Object Repository/OOB-Objects/Strategy-Center' is present

2019-04-15 14:36:46 - [MESSAGE][PASSED] - I want to verify Strategy Center presents

2019-04-15 14:36:46 - [TEST_STEP][PASSED] - I want to verify Reports presents: I want to verify Reports presents

2019-04-15 14:36:46 - [MESSAGE][WARNING] - Timeout '0' is invalid. Using default page load timeout: '30'

2019-04-15 14:36:46 - [MESSAGE][PASSED] - Object 'Object Repository/OOB-Objects/Reports' is present

2019-04-15 14:36:46 - [MESSAGE][PASSED] - I want to verify Reports presents

2019-04-15 14:36:46 - [TEST_STEP][PASSED] - I want to verify Tasks presents: I want to verify Tasks presents

2019-04-15 14:36:46 - [MESSAGE][WARNING] - Timeout '0' is invalid. Using default page load timeout: '30'

2019-04-15 14:36:46 - [MESSAGE][PASSED] - Object 'Object Repository/OOB-Objects/Tasks' is present

2019-04-15 14:36:46 - [MESSAGE][PASSED] - I want to verify Tasks presents

2019-04-15 14:36:46 - [TEST_STEP][PASSED] - I want to verify Support presents: I want to verify Support presents

2019-04-15 14:36:46 - [MESSAGE][WARNING] - Timeout '0' is invalid. Using default page load timeout: '30'

2019-04-15 14:36:46 - [MESSAGE][PASSED] - Object 'Object Repository/OOB-Objects/Support' is present

2019-04-15 14:36:46 - [MESSAGE][PASSED] - I want to verify Support presents

2019-04-15 14:36:46 - [TEST_STEP][PASSED] - I want to verify User Dropdwon presents: I want to verify User Dropdwon presents

2019-04-15 14:36:46 - [MESSAGE][WARNING] - Timeout '0' is invalid. Using default page load timeout: '30'

2019-04-15 14:36:46 - [MESSAGE][PASSED] - Object 'Object Repository/OOB-Objects/User-Dropdwon' is present

2019-04-15 14:36:46 - [MESSAGE][PASSED] - I want to verify User Dropdwon presents

2019-04-15 14:36:46 - [TEST_STEP][PASSED] - I want to verify Notifications presents: I want to verify Notifications presents

2019-04-15 14:36:46 - [MESSAGE][WARNING] - Timeout '0' is invalid. Using default page load timeout: '30'

2019-04-15 14:36:46 - [MESSAGE][PASSED] - Object 'Object Repository/OOB-Objects/Notifications' is present

2019-04-15 14:36:46 - [MESSAGE][PASSED] - I want to verify Notifications presents

2019-04-15 14:36:46 - [TEST_STEP][PASSED] - I want to verify Settings presents: I want to verify Settings presents

2019-04-15 14:36:46 - [MESSAGE][WARNING] - Timeout '0' is invalid. Using default page load timeout: '30'

2019-04-15 14:36:46 - [MESSAGE][PASSED] - Object 'Object Repository/OOB-Objects/Settings' is present

2019-04-15 14:36:46 - [MESSAGE][PASSED] - I want to verify Settings presents

2019-04-15 14:36:46 - [TEST_STEP][PASSED] - I want to verify Language presents: I want to verify Language presents

2019-04-15 14:36:46 - [MESSAGE][WARNING] - Timeout '0' is invalid. Using default page load timeout: '30'

2019-04-15 14:36:46 - [MESSAGE][PASSED] - Object 'Object Repository/OOB-Objects/Language' is present

2019-04-15 14:36:46 - [MESSAGE][PASSED] - I want to verify Language presents

2019-04-15 14:36:46 - [TEST_STEP][PASSED] - I want to close browser: I want to close browser

2019-04-15 14:36:47 - [MESSAGE][PASSED] - Browser is closed

2019-04-15 14:36:47 - [MESSAGE][PASSED] - I want to close browser

2019-04-15 14:36:47 - [MESSAGE][PASSED] - Feature file: 'Include/features/Main-Features/002-Verify-OOB-HomePage.feature' was passed]]></system-out>
         <system-err><![CDATA[]]></system-err>
      </testcase>
      <testcase name="Test Cases/Main-Test-Cases/003-Add-Idea" classname="Test Cases/Main-Test-Cases/003-Add-Idea" status="FAILED">
         <failure type="FAILED" message="Test Cases/Main-Test-Cases/003-Add-Idea FAILED.
Reason:
com.kms.katalon.core.exception.StepFailedException: Feature file 'Include/features/Main-Features/003-Add-Idea.feature' was failed
	at com.kms.katalon.core.keyword.internal.KeywordMain.stepFailed(KeywordMain.groovy:48)
	at com.kms.katalon.core.keyword.internal.KeywordMain.stepFailed(KeywordMain.groovy)
	at com.kms.katalon.core.keyword.internal.KeywordMain.stepFailed(KeywordMain.groovy:21)
	at com.kms.katalon.core.keyword.internal.KeywordMain$stepFailed$0.call(Unknown Source)
	at com.kms.katalon.core.cucumber.keyword.CucumberBuiltinKeywords$_runFeatureFile_closure1.doCall(CucumberBuiltinKeywords.groovy:82)
	at com.kms.katalon.core.cucumber.keyword.CucumberBuiltinKeywords$_runFeatureFile_closure1.doCall(CucumberBuiltinKeywords.groovy)
	at com.kms.katalon.core.keyword.internal.KeywordMain.runKeyword(KeywordMain.groovy:66)
	at com.kms.katalon.core.keyword.internal.KeywordMain$runKeyword.call(Unknown Source)
	at com.kms.katalon.core.cucumber.keyword.CucumberBuiltinKeywords.runFeatureFile(CucumberBuiltinKeywords.groovy:46)
	at com.kms.katalon.core.cucumber.keyword.CucumberBuiltinKeywords$runFeatureFile$0.callStatic(Unknown Source)
	at com.kms.katalon.core.cucumber.keyword.CucumberBuiltinKeywords.runFeatureFile(CucumberBuiltinKeywords.groovy:101)
	at com.kms.katalon.core.cucumber.keyword.CucumberBuiltinKeywords$runFeatureFile.call(Unknown Source)
	at 003-Add-Idea.run(003-Add-Idea:16)
	at com.kms.katalon.core.main.ScriptEngine.run(ScriptEngine.java:194)
	at com.kms.katalon.core.main.ScriptEngine.runScriptAsRawText(ScriptEngine.java:119)
	at com.kms.katalon.core.main.TestCaseExecutor.runScript(TestCaseExecutor.java:331)
	at com.kms.katalon.core.main.TestCaseExecutor.doExecute(TestCaseExecutor.java:322)
	at com.kms.katalon.core.main.TestCaseExecutor.processExecutionPhase(TestCaseExecutor.java:301)
	at com.kms.katalon.core.main.TestCaseExecutor.accessMainPhase(TestCaseExecutor.java:293)
	at com.kms.katalon.core.main.TestCaseExecutor.execute(TestCaseExecutor.java:227)
	at com.kms.katalon.core.main.TestSuiteExecutor.accessTestCaseMainPhase(TestSuiteExecutor.java:129)
	at com.kms.katalon.core.main.TestSuiteExecutor.accessTestSuiteMainPhase(TestSuiteExecutor.java:112)
	at com.kms.katalon.core.main.TestSuiteExecutor.execute(TestSuiteExecutor.java:81)
	at com.kms.katalon.core.main.TestCaseMain.startTestSuite(TestCaseMain.java:157)
	at com.kms.katalon.core.main.TestCaseMain$startTestSuite$0.call(Unknown Source)
	at TempTestSuite1555328164096.run(TempTestSuite1555328164096.groovy:35)
"/>
         <system-out><![CDATA[2019-04-15 14:36:47 - [TEST_CASE][FAILED] - Test Cases/Main-Test-Cases/003-Add-Idea: Test Cases/Main-Test-Cases/003-Add-Idea FAILED.
Reason:
com.kms.katalon.core.exception.StepFailedException: Feature file 'Include/features/Main-Features/003-Add-Idea.feature' was failed
	at com.kms.katalon.core.keyword.internal.KeywordMain.stepFailed(KeywordMain.groovy:48)
	at com.kms.katalon.core.keyword.internal.KeywordMain.stepFailed(KeywordMain.groovy)
	at com.kms.katalon.core.keyword.internal.KeywordMain.stepFailed(KeywordMain.groovy:21)
	at com.kms.katalon.core.keyword.internal.KeywordMain$stepFailed$0.call(Unknown Source)
	at com.kms.katalon.core.cucumber.keyword.CucumberBuiltinKeywords$_runFeatureFile_closure1.doCall(CucumberBuiltinKeywords.groovy:82)
	at com.kms.katalon.core.cucumber.keyword.CucumberBuiltinKeywords$_runFeatureFile_closure1.doCall(CucumberBuiltinKeywords.groovy)
	at com.kms.katalon.core.keyword.internal.KeywordMain.runKeyword(KeywordMain.groovy:66)
	at com.kms.katalon.core.keyword.internal.KeywordMain$runKeyword.call(Unknown Source)
	at com.kms.katalon.core.cucumber.keyword.CucumberBuiltinKeywords.runFeatureFile(CucumberBuiltinKeywords.groovy:46)
	at com.kms.katalon.core.cucumber.keyword.CucumberBuiltinKeywords$runFeatureFile$0.callStatic(Unknown Source)
	at com.kms.katalon.core.cucumber.keyword.CucumberBuiltinKeywords.runFeatureFile(CucumberBuiltinKeywords.groovy:101)
	at com.kms.katalon.core.cucumber.keyword.CucumberBuiltinKeywords$runFeatureFile.call(Unknown Source)
	at 003-Add-Idea.run(003-Add-Idea:16)
	at com.kms.katalon.core.main.ScriptEngine.run(ScriptEngine.java:194)
	at com.kms.katalon.core.main.ScriptEngine.runScriptAsRawText(ScriptEngine.java:119)
	at com.kms.katalon.core.main.TestCaseExecutor.runScript(TestCaseExecutor.java:331)
	at com.kms.katalon.core.main.TestCaseExecutor.doExecute(TestCaseExecutor.java:322)
	at com.kms.katalon.core.main.TestCaseExecutor.processExecutionPhase(TestCaseExecutor.java:301)
	at com.kms.katalon.core.main.TestCaseExecutor.accessMainPhase(TestCaseExecutor.java:293)
	at com.kms.katalon.core.main.TestCaseExecutor.execute(TestCaseExecutor.java:227)
	at com.kms.katalon.core.main.TestSuiteExecutor.accessTestCaseMainPhase(TestSuiteExecutor.java:129)
	at com.kms.katalon.core.main.TestSuiteExecutor.accessTestSuiteMainPhase(TestSuiteExecutor.java:112)
	at com.kms.katalon.core.main.TestSuiteExecutor.execute(TestSuiteExecutor.java:81)
	at com.kms.katalon.core.main.TestCaseMain.startTestSuite(TestCaseMain.java:157)
	at com.kms.katalon.core.main.TestCaseMain$startTestSuite$0.call(Unknown Source)
	at TempTestSuite1555328164096.run(TempTestSuite1555328164096.groovy:35)


2019-04-15 14:36:47 - [TEST_STEP][FAILED] - runFeatureFile("Include/features/Main-Features/003-Add-Idea.feature"): runFeatureFile("Include/features/Main-Features/003-Add-Idea.feature") FAILED.
Reason:
com.kms.katalon.core.exception.StepFailedException: Feature file 'Include/features/Main-Features/003-Add-Idea.feature' was failed
	at com.kms.katalon.core.keyword.internal.KeywordMain.stepFailed(KeywordMain.groovy:48)
	at com.kms.katalon.core.keyword.internal.KeywordMain.stepFailed(KeywordMain.groovy)
	at com.kms.katalon.core.keyword.internal.KeywordMain.stepFailed(KeywordMain.groovy:21)
	at com.kms.katalon.core.keyword.internal.KeywordMain$stepFailed$0.call(Unknown Source)
	at com.kms.katalon.core.cucumber.keyword.CucumberBuiltinKeywords$_runFeatureFile_closure1.doCall(CucumberBuiltinKeywords.groovy:82)
	at com.kms.katalon.core.cucumber.keyword.CucumberBuiltinKeywords$_runFeatureFile_closure1.doCall(CucumberBuiltinKeywords.groovy)
	at com.kms.katalon.core.keyword.internal.KeywordMain.runKeyword(KeywordMain.groovy:66)
	at com.kms.katalon.core.keyword.internal.KeywordMain$runKeyword.call(Unknown Source)
	at com.kms.katalon.core.cucumber.keyword.CucumberBuiltinKeywords.runFeatureFile(CucumberBuiltinKeywords.groovy:46)
	at com.kms.katalon.core.cucumber.keyword.CucumberBuiltinKeywords$runFeatureFile$0.callStatic(Unknown Source)
	at com.kms.katalon.core.cucumber.keyword.CucumberBuiltinKeywords.runFeatureFile(CucumberBuiltinKeywords.groovy:101)
	at com.kms.katalon.core.cucumber.keyword.CucumberBuiltinKeywords$runFeatureFile.call(Unknown Source)
	at 003-Add-Idea.run(003-Add-Idea:16)
	at com.kms.katalon.core.main.ScriptEngine.run(ScriptEngine.java:194)
	at com.kms.katalon.core.main.ScriptEngine.runScriptAsRawText(ScriptEngine.java:119)
	at com.kms.katalon.core.main.TestCaseExecutor.runScript(TestCaseExecutor.java:331)
	at com.kms.katalon.core.main.TestCaseExecutor.doExecute(TestCaseExecutor.java:322)
	at com.kms.katalon.core.main.TestCaseExecutor.processExecutionPhase(TestCaseExecutor.java:301)
	at com.kms.katalon.core.main.TestCaseExecutor.accessMainPhase(TestCaseExecutor.java:293)
	at com.kms.katalon.core.main.TestCaseExecutor.execute(TestCaseExecutor.java:227)
	at com.kms.katalon.core.main.TestSuiteExecutor.accessTestCaseMainPhase(TestSuiteExecutor.java:129)
	at com.kms.katalon.core.main.TestSuiteExecutor.accessTestSuiteMainPhase(TestSuiteExecutor.java:112)
	at com.kms.katalon.core.main.TestSuiteExecutor.execute(TestSuiteExecutor.java:81)
	at com.kms.katalon.core.main.TestCaseMain.startTestSuite(TestCaseMain.java:157)
	at com.kms.katalon.core.main.TestCaseMain$startTestSuite$0.call(Unknown Source)
	at TempTestSuite1555328164096.run(TempTestSuite1555328164096.groovy:35)


2019-04-15 14:36:47 - [MESSAGE][INFO] - Starting run keyword runFeatureFile: 'Include/features/Main-Features/003-Add-Idea.feature' and extract report to folder: 'C:\Users\HP\git\PMO-Web-Application\Reports\First-Test-Suite\20190415_143604/cucumber_report/1555328207384'...

2019-04-15 14:36:47 - [TEST_CASE][FAILED] - Start Test Case : SCENARIO Add new idea: SCENARIO Add new idea FAILED.
Reason:
com.kms.katalon.core.exception.StepFailedException: Unable to click on object 'Object Repository/PMO-Objects/Page_Add New Project Request/SendIdeaButton'
	at com.kms.katalon.core.webui.keyword.internal.WebUIKeywordMain.stepFailed(WebUIKeywordMain.groovy:64)
	at com.kms.katalon.core.webui.keyword.internal.WebUIKeywordMain.runKeyword(WebUIKeywordMain.groovy:26)
	at com.kms.katalon.core.webui.keyword.builtin.ClickKeyword.click(ClickKeyword.groovy:86)
	at com.kms.katalon.core.webui.keyword.builtin.ClickKeyword.execute(ClickKeyword.groovy:67)
	at com.kms.katalon.core.keyword.internal.KeywordExecutor.executeKeywordForPlatform(KeywordExecutor.groovy:56)
	at com.kms.katalon.core.webui.keyword.WebUiBuiltInKeywords.click(WebUiBuiltInKeywords.groovy:616)
	at com.kms.katalon.core.webui.keyword.WebUiBuiltInKeywords$click$5.call(Unknown Source)
	at com.pmo.steps.AddIdeaSteps.clickSendIdea(AddIdeaSteps.groovy:212)
	at ✽.I want to click send idea button(C:/Users/HP/git/PMO-Web-Application/Include/features/Main-Features/003-Add-Idea.feature:20)
Caused by: org.openqa.selenium.WebDriverException: unknown error: Element <button type="button" id="btnSend" class="btn btn-block btn-primary" value="false">...</button> is not clickable at point (201, 286). Other element would receive the click: <div class="spinner-wrapper" id="ajaxBusy" style="">...</div>
  (Session info: chrome=73.0.3683.103)
  (Driver info: chromedriver=2.43.600210 (68dcf5eebde37173d4027fa8635e332711d2874a),platform=Windows NT 10.0.17134 x86_64) (WARNING: The server did not provide any stacktrace information)
Command duration or timeout: 0 milliseconds
Build info: version: '3.7.1', revision: '8a0099a', time: '2017-11-06T21:07:36.161Z'
System info: host: 'HP45G5', ip: '10.152.103.59', os.name: 'Windows 10', os.arch: 'amd64', os.version: '10.0', java.version: '1.8.0_181'
Driver info: com.kms.katalon.selenium.driver.CChromeDriver
Capabilities {acceptInsecureCerts: false, acceptSslCerts: false, applicationCacheEnabled: false, browserConnectionEnabled: false, browserName: chrome, chrome: {chromedriverVersion: 2.43.600210 (68dcf5eebde371..., userDataDir: C:\Users\HP\AppData\Local\T...}, cssSelectorsEnabled: true, databaseEnabled: false, goog:chromeOptions: {debuggerAddress: localhost:62579}, handlesAlerts: true, hasTouchScreen: false, javascriptEnabled: true, locationContextEnabled: true, mobileEmulationEnabled: false, nativeEvents: true, networkConnectionEnabled: false, pageLoadStrategy: normal, platform: XP, platformName: XP, rotatable: false, setWindowRect: true, takesHeapSnapshot: true, takesScreenshot: true, unexpectedAlertBehaviour: , unhandledPromptBehavior: , version: 73.0.3683.103, webStorageEnabled: true}
Session ID: f7668de3b809fd37d07b84032358329f
	at org.openqa.selenium.remote.ErrorHandler.createThrowable(ErrorHandler.java:214)
	at org.openqa.selenium.remote.ErrorHandler.throwIfResponseFailed(ErrorHandler.java:166)
	at org.openqa.selenium.remote.http.JsonHttpResponseCodec.reconstructValue(JsonHttpResponseCodec.java:40)
	at org.openqa.selenium.remote.http.AbstractHttpResponseCodec.decode(AbstractHttpResponseCodec.java:80)
	at org.openqa.selenium.remote.http.AbstractHttpResponseCodec.decode(AbstractHttpResponseCodec.java:44)
	at org.openqa.selenium.remote.HttpCommandExecutor.execute(HttpCommandExecutor.java:164)
	at org.openqa.selenium.remote.service.DriverCommandExecutor.execute(DriverCommandExecutor.java:83)
	at org.openqa.selenium.remote.RemoteWebDriver.execute(RemoteWebDriver.java:600)
	at com.kms.katalon.selenium.driver.CChromeDriver.execute(CChromeDriver.java:20)
	at org.openqa.selenium.remote.RemoteWebElement.execute(RemoteWebElement.java:279)
	at org.openqa.selenium.remote.RemoteWebElement.click(RemoteWebElement.java:83)
	at com.kms.katalon.core.webui.keyword.builtin.ClickKeyword$_click_closure1.doCall(ClickKeyword.groovy:79)
	at com.kms.katalon.core.webui.keyword.builtin.ClickKeyword$_click_closure1.call(ClickKeyword.groovy)
	at com.kms.katalon.core.webui.keyword.internal.WebUIKeywordMain.runKeyword(WebUIKeywordMain.groovy:20)
	at com.kms.katalon.core.webui.keyword.builtin.ClickKeyword.click(ClickKeyword.groovy:86)
	at com.kms.katalon.core.webui.keyword.builtin.ClickKeyword.execute(ClickKeyword.groovy:67)
	at com.kms.katalon.core.keyword.internal.KeywordExecutor.executeKeywordForPlatform(KeywordExecutor.groovy:56)
	at com.kms.katalon.core.webui.keyword.WebUiBuiltInKeywords.click(WebUiBuiltInKeywords.groovy:616)
	at com.kms.katalon.core.webui.keyword.WebUiBuiltInKeywords$click$5.call(Unknown Source)
	at com.pmo.steps.AddIdeaSteps.clickSendIdea(AddIdeaSteps.groovy:212)
	at cucumber.runtime.Utils$1.call(Utils.java:26)
	at cucumber.runtime.Timeout.timeout(Timeout.java:16)
	at cucumber.runtime.Utils.invoke(Utils.java:20)
	at cucumber.runtime.java.JavaStepDefinition.execute(JavaStepDefinition.java:48)
	at cucumber.runtime.PickleStepDefinitionMatch.runStep(PickleStepDefinitionMatch.java:50)
	at cucumber.runner.TestStep.executeStep(TestStep.java:55)
	at cucumber.runner.TestStep.run(TestStep.java:42)
	at cucumber.runner.PickleStepTestStep.run(PickleStepTestStep.java:53)
	at cucumber.runner.TestCase.run(TestCase.java:47)
	at cucumber.runner.Runner.runPickle(Runner.java:44)
	at cucumber.runtime.Runtime.runFeature(Runtime.java:120)
	at cucumber.runtime.Runtime.run(Runtime.java:106)
	at cucumber.api.cli.Main.run(Main.java:35)
	at cucumber.api.cli.Main$run.call(Unknown Source)
	at com.kms.katalon.core.cucumber.keyword.CucumberBuiltinKeywords$_runFeatureFile_closure1.doCall(CucumberBuiltinKeywords.groovy:76)
	at com.kms.katalon.core.cucumber.keyword.CucumberBuiltinKeywords$_runFeatureFile_closure1.doCall(CucumberBuiltinKeywords.groovy)
	at com.kms.katalon.core.keyword.internal.KeywordMain.runKeyword(KeywordMain.groovy:66)
	at com.kms.katalon.core.keyword.internal.KeywordMain$runKeyword.call(Unknown Source)
	at com.kms.katalon.core.cucumber.keyword.CucumberBuiltinKeywords.runFeatureFile(CucumberBuiltinKeywords.groovy:46)
	at com.kms.katalon.core.cucumber.keyword.CucumberBuiltinKeywords$runFeatureFile$0.callStatic(Unknown Source)
	at com.kms.katalon.core.cucumber.keyword.CucumberBuiltinKeywords.runFeatureFile(CucumberBuiltinKeywords.groovy:101)
	at com.kms.katalon.core.cucumber.keyword.CucumberBuiltinKeywords$runFeatureFile.call(Unknown Source)
	at Script1554886943707.run(Script1554886943707.groovy:16)
	at com.kms.katalon.core.main.ScriptEngine.run(ScriptEngine.java:194)
	at com.kms.katalon.core.main.ScriptEngine.runScriptAsRawText(ScriptEngine.java:119)
	at com.kms.katalon.core.main.TestCaseExecutor.runScript(TestCaseExecutor.java:331)
	at com.kms.katalon.core.main.TestCaseExecutor.doExecute(TestCaseExecutor.java:322)
	at com.kms.katalon.core.main.TestCaseExecutor.processExecutionPhase(TestCaseExecutor.java:301)
	at com.kms.katalon.core.main.TestCaseExecutor.accessMainPhase(TestCaseExecutor.java:293)
	at com.kms.katalon.core.main.TestCaseExecutor.execute(TestCaseExecutor.java:227)
	at com.kms.katalon.core.main.TestSuiteExecutor.accessTestCaseMainPhase(TestSuiteExecutor.java:129)
	at com.kms.katalon.core.main.TestSuiteExecutor.accessTestSuiteMainPhase(TestSuiteExecutor.java:112)
	at com.kms.katalon.core.main.TestSuiteExecutor.execute(TestSuiteExecutor.java:81)
	at com.kms.katalon.core.main.TestCaseMain.startTestSuite(TestCaseMain.java:157)
	at com.kms.katalon.core.main.TestCaseMain$startTestSuite$0.call(Unknown Source)
	at TempTestSuite1555328164096.run(TempTestSuite1555328164096.groovy:35)


2019-04-15 14:36:47 - [TEST_STEP][PASSED] - I want to open browser: I want to open browser

2019-04-15 14:36:47 - [MESSAGE][INFO] - Starting 'Chrome' driver

2019-04-15 14:36:49 - [MESSAGE][PASSED] - Browser is opened with url: ''

2019-04-15 14:36:49 - [MESSAGE][PASSED] - Delete all cookies successfully

2019-04-15 14:36:49 - [MESSAGE][PASSED] - I want to open browser

2019-04-15 14:36:49 - [TEST_STEP][PASSED] - I want to maximize window: I want to maximize window

2019-04-15 14:36:50 - [MESSAGE][PASSED] - Current window maximized

2019-04-15 14:36:50 - [MESSAGE][PASSED] - I want to maximize window

2019-04-15 14:36:50 - [TEST_STEP][PASSED] - I want to go to OOB: I want to go to OOB

2019-04-15 14:37:06 - [MESSAGE][PASSED] - Navigate to 'http://pmoadmin:P@ssw0rd@dev5.cloudapp.net/OOB2/' successfully

2019-04-15 14:37:06 - [MESSAGE][PASSED] - I want to go to OOB

2019-04-15 14:37:06 - [TEST_STEP][PASSED] - I want to verify I'm in OOB main page: I want to verify I'm in OOB main page

2019-04-15 14:37:06 - [MESSAGE][WARNING] - Timeout '0' is invalid. Using default page load timeout: '30'

2019-04-15 14:37:06 - [MESSAGE][PASSED] - Object 'Object Repository/OOB-Objects/OOB-Side-Bar' is present

2019-04-15 14:37:06 - [MESSAGE][PASSED] - I want to verify I'm in OOB main page

2019-04-15 14:37:06 - [TEST_STEP][PASSED] - I want to go to ideas list page: I want to go to ideas list page

2019-04-15 14:37:14 - [MESSAGE][PASSED] - Object: 'Object Repository/OOB-Objects/IdeasList' is clicked on

2019-04-15 14:37:14 - [MESSAGE][PASSED] - I want to go to ideas list page

2019-04-15 14:37:14 - [TEST_STEP][PASSED] - I want to click on Add New button: I want to click on Add New button

2019-04-15 14:37:16 - [MESSAGE][PASSED] - Object: 'Object Repository/PMO-Objects/Page_Project Request/Add-New-Project-Request' is clicked on

2019-04-15 14:37:16 - [MESSAGE][PASSED] - I want to click on Add New button

2019-04-15 14:37:16 - [TEST_STEP][PASSED] - I want to fill idea name field: I want to fill idea name field

2019-04-15 14:37:16 - [MESSAGE][PASSED] - Text 'Automation8142' is set on object 'Object Repository/PMO-Objects/Page_Add New Project Request/Idea-Name-Field'

2019-04-15 14:37:16 - [MESSAGE][PASSED] - I want to fill idea name field

2019-04-15 14:37:16 - [TEST_STEP][PASSED] - I want to select expected start date: I want to select expected start date

2019-04-15 14:37:16 - [MESSAGE][PASSED] - Object: 'Object Repository/PMO-Objects/Page_Add New Project Request/GREGORIAN-Start-date-Check-Box' is clicked on

2019-04-15 14:37:16 - [MESSAGE][PASSED] - Object: 'Object Repository/PMO-Objects/Page_Add New Project Request/Excepted-Start-Date' is clicked on

2019-04-15 14:37:16 - [MESSAGE][PASSED] - Object: 'Object Repository/PMO-Objects/Page_Add New Project Request/Day26' is hovered

2019-04-15 14:37:16 - [MESSAGE][PASSED] - Object: 'Object Repository/PMO-Objects/Page_Add New Project Request/Day26' is clicked on

2019-04-15 14:37:16 - [MESSAGE][PASSED] - I want to select expected start date

2019-04-15 14:37:16 - [TEST_STEP][PASSED] - I want to select expected end date: I want to select expected end date

2019-04-15 14:37:16 - [MESSAGE][PASSED] - Object 'Object Repository/PMO-Objects/Page_Add New Project Request/GREGORIAN-End-Date-Check-Box' is visible

2019-04-15 14:37:16 - [MESSAGE][PASSED] - Object: 'Object Repository/PMO-Objects/Page_Add New Project Request/GREGORIAN-End-Date-Check-Box' is clicked on

2019-04-15 14:37:16 - [MESSAGE][PASSED] - Object: 'Object Repository/PMO-Objects/Page_Add New Project Request/Excpected-End-Date' is clicked on

2019-04-15 14:37:16 - [MESSAGE][PASSED] - All options with index in [4] are selected on object 'Object Repository/PMO-Objects/Page_Add New Project Request/EndDateMonthDropdown'

2019-04-15 14:37:16 - [MESSAGE][PASSED] - Object: 'Object Repository/PMO-Objects/Page_Add New Project Request/EndDateDay15' is hovered

2019-04-15 14:37:16 - [MESSAGE][PASSED] - Object: 'Object Repository/PMO-Objects/Page_Add New Project Request/EndDateDay15' is clicked on

2019-04-15 14:37:16 - [MESSAGE][PASSED] - I want to select expected end date

2019-04-15 14:37:16 - [TEST_STEP][PASSED] - I want to fill idea objective field: I want to fill idea objective field

2019-04-15 14:37:17 - [MESSAGE][PASSED] - Text 'Automation' is set on object 'Object Repository/PMO-Objects/Page_Add New Project Request/Idea-Objective-Field'

2019-04-15 14:37:17 - [MESSAGE][PASSED] - I want to fill idea objective field

2019-04-15 14:37:17 - [TEST_STEP][PASSED] - I want to fill expected budget field: I want to fill expected budget field

2019-04-15 14:37:17 - [MESSAGE][PASSED] - Text '10000' is set on object 'Object Repository/PMO-Objects/Page_Add New Project Request/Expected-Budget-Field'

2019-04-15 14:37:17 - [MESSAGE][PASSED] - I want to fill expected budget field

2019-04-15 14:37:17 - [TEST_STEP][PASSED] - I want to fill Notes field: I want to fill Notes field

2019-04-15 14:37:17 - [MESSAGE][PASSED] - Text 'test note' is set on object 'Object Repository/PMO-Objects/Page_Add New Project Request/Notes-Field'

2019-04-15 14:37:17 - [MESSAGE][PASSED] - I want to fill Notes field

2019-04-15 14:37:17 - [TEST_STEP][PASSED] - I want to add Attachment: I want to add Attachment

2019-04-15 14:37:17 - [MESSAGE][PASSED] - Object: 'Object Repository/PMO-Objects/Page_Add New Project Request/Add-New-Document-Button' is clicked on

2019-04-15 14:37:17 - [MESSAGE][WARNING] - Timeout '0' is invalid. Using default page load timeout: '30'

2019-04-15 14:37:17 - [MESSAGE][PASSED] - Scroll to object 'Object Repository/PMO-Objects/Page_Add New Project Request/Add-New-Document-Button' successfully

2019-04-15 14:37:17 - [MESSAGE][PASSED] - Text 'test1' is set on object 'Object Repository/PMO-Objects/Page_Add New Project Request/AttachmentNameField'

2019-04-15 14:37:17 - [MESSAGE][PASSED] - File 'C:\Users\HP\Desktop\download.png' sent to object: 'Object Repository/PMO-Objects/Page_Add New Project Request/Upload-File'

2019-04-15 14:37:17 - [MESSAGE][WARNING] - Timeout '0' is invalid. Using default page load timeout: '30'

2019-04-15 14:37:18 - [MESSAGE][PASSED] - Object 'Object Repository/PMO-Objects/Page_Add New Project Request/AttachedFile' is present

2019-04-15 14:37:18 - [MESSAGE][PASSED] - Object: 'Object Repository/PMO-Objects/Page_Add New Project Request/LoadButton' is clicked on

2019-04-15 14:37:18 - [MESSAGE][PASSED] - I want to add Attachment

2019-04-15 14:37:18 - [TEST_STEP][FAILED] - I want to click send idea button: I want to click send idea button FAILED.
Reason:
com.kms.katalon.core.exception.StepFailedException: Unable to click on object 'Object Repository/PMO-Objects/Page_Add New Project Request/SendIdeaButton'
	at com.kms.katalon.core.webui.keyword.internal.WebUIKeywordMain.stepFailed(WebUIKeywordMain.groovy:64)
	at com.kms.katalon.core.webui.keyword.internal.WebUIKeywordMain.runKeyword(WebUIKeywordMain.groovy:26)
	at com.kms.katalon.core.webui.keyword.builtin.ClickKeyword.click(ClickKeyword.groovy:86)
	at com.kms.katalon.core.webui.keyword.builtin.ClickKeyword.execute(ClickKeyword.groovy:67)
	at com.kms.katalon.core.keyword.internal.KeywordExecutor.executeKeywordForPlatform(KeywordExecutor.groovy:56)
	at com.kms.katalon.core.webui.keyword.WebUiBuiltInKeywords.click(WebUiBuiltInKeywords.groovy:616)
	at com.kms.katalon.core.webui.keyword.WebUiBuiltInKeywords$click$5.call(Unknown Source)
	at com.pmo.steps.AddIdeaSteps.clickSendIdea(AddIdeaSteps.groovy:212)
	at ✽.I want to click send idea button(C:/Users/HP/git/PMO-Web-Application/Include/features/Main-Features/003-Add-Idea.feature:20)
Caused by: org.openqa.selenium.WebDriverException: unknown error: Element <button type="button" id="btnSend" class="btn btn-block btn-primary" value="false">...</button> is not clickable at point (201, 286). Other element would receive the click: <div class="spinner-wrapper" id="ajaxBusy" style="">...</div>
  (Session info: chrome=73.0.3683.103)
  (Driver info: chromedriver=2.43.600210 (68dcf5eebde37173d4027fa8635e332711d2874a),platform=Windows NT 10.0.17134 x86_64) (WARNING: The server did not provide any stacktrace information)
Command duration or timeout: 0 milliseconds
Build info: version: '3.7.1', revision: '8a0099a', time: '2017-11-06T21:07:36.161Z'
System info: host: 'HP45G5', ip: '10.152.103.59', os.name: 'Windows 10', os.arch: 'amd64', os.version: '10.0', java.version: '1.8.0_181'
Driver info: com.kms.katalon.selenium.driver.CChromeDriver
Capabilities {acceptInsecureCerts: false, acceptSslCerts: false, applicationCacheEnabled: false, browserConnectionEnabled: false, browserName: chrome, chrome: {chromedriverVersion: 2.43.600210 (68dcf5eebde371..., userDataDir: C:\Users\HP\AppData\Local\T...}, cssSelectorsEnabled: true, databaseEnabled: false, goog:chromeOptions: {debuggerAddress: localhost:62579}, handlesAlerts: true, hasTouchScreen: false, javascriptEnabled: true, locationContextEnabled: true, mobileEmulationEnabled: false, nativeEvents: true, networkConnectionEnabled: false, pageLoadStrategy: normal, platform: XP, platformName: XP, rotatable: false, setWindowRect: true, takesHeapSnapshot: true, takesScreenshot: true, unexpectedAlertBehaviour: , unhandledPromptBehavior: , version: 73.0.3683.103, webStorageEnabled: true}
Session ID: f7668de3b809fd37d07b84032358329f
	at org.openqa.selenium.remote.ErrorHandler.createThrowable(ErrorHandler.java:214)
	at org.openqa.selenium.remote.ErrorHandler.throwIfResponseFailed(ErrorHandler.java:166)
	at org.openqa.selenium.remote.http.JsonHttpResponseCodec.reconstructValue(JsonHttpResponseCodec.java:40)
	at org.openqa.selenium.remote.http.AbstractHttpResponseCodec.decode(AbstractHttpResponseCodec.java:80)
	at org.openqa.selenium.remote.http.AbstractHttpResponseCodec.decode(AbstractHttpResponseCodec.java:44)
	at org.openqa.selenium.remote.HttpCommandExecutor.execute(HttpCommandExecutor.java:164)
	at org.openqa.selenium.remote.service.DriverCommandExecutor.execute(DriverCommandExecutor.java:83)
	at org.openqa.selenium.remote.RemoteWebDriver.execute(RemoteWebDriver.java:600)
	at com.kms.katalon.selenium.driver.CChromeDriver.execute(CChromeDriver.java:20)
	at org.openqa.selenium.remote.RemoteWebElement.execute(RemoteWebElement.java:279)
	at org.openqa.selenium.remote.RemoteWebElement.click(RemoteWebElement.java:83)
	at com.kms.katalon.core.webui.keyword.builtin.ClickKeyword$_click_closure1.doCall(ClickKeyword.groovy:79)
	at com.kms.katalon.core.webui.keyword.builtin.ClickKeyword$_click_closure1.call(ClickKeyword.groovy)
	at com.kms.katalon.core.webui.keyword.internal.WebUIKeywordMain.runKeyword(WebUIKeywordMain.groovy:20)
	at com.kms.katalon.core.webui.keyword.builtin.ClickKeyword.click(ClickKeyword.groovy:86)
	at com.kms.katalon.core.webui.keyword.builtin.ClickKeyword.execute(ClickKeyword.groovy:67)
	at com.kms.katalon.core.keyword.internal.KeywordExecutor.executeKeywordForPlatform(KeywordExecutor.groovy:56)
	at com.kms.katalon.core.webui.keyword.WebUiBuiltInKeywords.click(WebUiBuiltInKeywords.groovy:616)
	at com.kms.katalon.core.webui.keyword.WebUiBuiltInKeywords$click$5.call(Unknown Source)
	at com.pmo.steps.AddIdeaSteps.clickSendIdea(AddIdeaSteps.groovy:212)
	at cucumber.runtime.Utils$1.call(Utils.java:26)
	at cucumber.runtime.Timeout.timeout(Timeout.java:16)
	at cucumber.runtime.Utils.invoke(Utils.java:20)
	at cucumber.runtime.java.JavaStepDefinition.execute(JavaStepDefinition.java:48)
	at cucumber.runtime.PickleStepDefinitionMatch.runStep(PickleStepDefinitionMatch.java:50)
	at cucumber.runner.TestStep.executeStep(TestStep.java:55)
	at cucumber.runner.TestStep.run(TestStep.java:42)
	at cucumber.runner.PickleStepTestStep.run(PickleStepTestStep.java:53)
	at cucumber.runner.TestCase.run(TestCase.java:47)
	at cucumber.runner.Runner.runPickle(Runner.java:44)
	at cucumber.runtime.Runtime.runFeature(Runtime.java:120)
	at cucumber.runtime.Runtime.run(Runtime.java:106)
	at cucumber.api.cli.Main.run(Main.java:35)
	at cucumber.api.cli.Main$run.call(Unknown Source)
	at com.kms.katalon.core.cucumber.keyword.CucumberBuiltinKeywords$_runFeatureFile_closure1.doCall(CucumberBuiltinKeywords.groovy:76)
	at com.kms.katalon.core.cucumber.keyword.CucumberBuiltinKeywords$_runFeatureFile_closure1.doCall(CucumberBuiltinKeywords.groovy)
	at com.kms.katalon.core.keyword.internal.KeywordMain.runKeyword(KeywordMain.groovy:66)
	at com.kms.katalon.core.keyword.internal.KeywordMain$runKeyword.call(Unknown Source)
	at com.kms.katalon.core.cucumber.keyword.CucumberBuiltinKeywords.runFeatureFile(CucumberBuiltinKeywords.groovy:46)
	at com.kms.katalon.core.cucumber.keyword.CucumberBuiltinKeywords$runFeatureFile$0.callStatic(Unknown Source)
	at com.kms.katalon.core.cucumber.keyword.CucumberBuiltinKeywords.runFeatureFile(CucumberBuiltinKeywords.groovy:101)
	at com.kms.katalon.core.cucumber.keyword.CucumberBuiltinKeywords$runFeatureFile.call(Unknown Source)
	at Script1554886943707.run(Script1554886943707.groovy:16)
	at com.kms.katalon.core.main.ScriptEngine.run(ScriptEngine.java:194)
	at com.kms.katalon.core.main.ScriptEngine.runScriptAsRawText(ScriptEngine.java:119)
	at com.kms.katalon.core.main.TestCaseExecutor.runScript(TestCaseExecutor.java:331)
	at com.kms.katalon.core.main.TestCaseExecutor.doExecute(TestCaseExecutor.java:322)
	at com.kms.katalon.core.main.TestCaseExecutor.processExecutionPhase(TestCaseExecutor.java:301)
	at com.kms.katalon.core.main.TestCaseExecutor.accessMainPhase(TestCaseExecutor.java:293)
	at com.kms.katalon.core.main.TestCaseExecutor.execute(TestCaseExecutor.java:227)
	at com.kms.katalon.core.main.TestSuiteExecutor.accessTestCaseMainPhase(TestSuiteExecutor.java:129)
	at com.kms.katalon.core.main.TestSuiteExecutor.accessTestSuiteMainPhase(TestSuiteExecutor.java:112)
	at com.kms.katalon.core.main.TestSuiteExecutor.execute(TestSuiteExecutor.java:81)
	at com.kms.katalon.core.main.TestCaseMain.startTestSuite(TestCaseMain.java:157)
	at com.kms.katalon.core.main.TestCaseMain$startTestSuite$0.call(Unknown Source)
	at TempTestSuite1555328164096.run(TempTestSuite1555328164096.groovy:35)


2019-04-15 14:37:18 - [MESSAGE][WARNING] - Timeout '0' is invalid. Using default page load timeout: '30'

2019-04-15 14:37:18 - [MESSAGE][PASSED] - Scroll to object 'Object Repository/PMO-Objects/Page_Add New Project Request/CardBlock' successfully

2019-04-15 14:37:18 - [MESSAGE][PASSED] - Object: 'Object Repository/PMO-Objects/Page_Add New Project Request/SendIdeaButton' is focused

2019-04-15 14:37:18 - [MESSAGE][PASSED] - Object: 'Object Repository/PMO-Objects/Page_Add New Project Request/SendIdeaButton' is hovered

2019-04-15 14:37:18 - [MESSAGE][PASSED] - Object 'Object Repository/PMO-Objects/Page_Add New Project Request/SendIdeaButton' is clickable

2019-04-15 14:37:18 - [MESSAGE][FAILED] - Unable to click on object 'Object Repository/PMO-Objects/Page_Add New Project Request/SendIdeaButton' (Root cause: com.kms.katalon.core.exception.StepFailedException: Unable to click on object 'Object Repository/PMO-Objects/Page_Add New Project Request/SendIdeaButton'
	at com.kms.katalon.core.webui.keyword.internal.WebUIKeywordMain.stepFailed(WebUIKeywordMain.groovy:64)
	at com.kms.katalon.core.webui.keyword.internal.WebUIKeywordMain.runKeyword(WebUIKeywordMain.groovy:26)
	at com.kms.katalon.core.webui.keyword.builtin.ClickKeyword.click(ClickKeyword.groovy:86)
	at com.kms.katalon.core.webui.keyword.builtin.ClickKeyword.execute(ClickKeyword.groovy:67)
	at com.kms.katalon.core.keyword.internal.KeywordExecutor.executeKeywordForPlatform(KeywordExecutor.groovy:56)
	at com.kms.katalon.core.webui.keyword.WebUiBuiltInKeywords.click(WebUiBuiltInKeywords.groovy:616)
	at com.kms.katalon.core.webui.keyword.WebUiBuiltInKeywords$click$5.call(Unknown Source)
	at com.pmo.steps.AddIdeaSteps.clickSendIdea(AddIdeaSteps.groovy:212)
	at cucumber.runtime.Utils$1.call(Utils.java:26)
	at cucumber.runtime.Timeout.timeout(Timeout.java:16)
	at cucumber.runtime.Utils.invoke(Utils.java:20)
	at cucumber.runtime.java.JavaStepDefinition.execute(JavaStepDefinition.java:48)
	at cucumber.runtime.PickleStepDefinitionMatch.runStep(PickleStepDefinitionMatch.java:50)
	at cucumber.runner.TestStep.executeStep(TestStep.java:55)
	at cucumber.runner.TestStep.run(TestStep.java:42)
	at cucumber.runner.PickleStepTestStep.run(PickleStepTestStep.java:53)
	at cucumber.runner.TestCase.run(TestCase.java:47)
	at cucumber.runner.Runner.runPickle(Runner.java:44)
	at cucumber.runtime.Runtime.runFeature(Runtime.java:120)
	at cucumber.runtime.Runtime.run(Runtime.java:106)
	at cucumber.api.cli.Main.run(Main.java:35)
	at cucumber.api.cli.Main$run.call(Unknown Source)
	at com.kms.katalon.core.cucumber.keyword.CucumberBuiltinKeywords$_runFeatureFile_closure1.doCall(CucumberBuiltinKeywords.groovy:76)
	at com.kms.katalon.core.cucumber.keyword.CucumberBuiltinKeywords$_runFeatureFile_closure1.doCall(CucumberBuiltinKeywords.groovy)
	at com.kms.katalon.core.keyword.internal.KeywordMain.runKeyword(KeywordMain.groovy:66)
	at com.kms.katalon.core.keyword.internal.KeywordMain$runKeyword.call(Unknown Source)
	at com.kms.katalon.core.cucumber.keyword.CucumberBuiltinKeywords.runFeatureFile(CucumberBuiltinKeywords.groovy:46)
	at com.kms.katalon.core.cucumber.keyword.CucumberBuiltinKeywords$runFeatureFile$0.callStatic(Unknown Source)
	at com.kms.katalon.core.cucumber.keyword.CucumberBuiltinKeywords.runFeatureFile(CucumberBuiltinKeywords.groovy:101)
	at com.kms.katalon.core.cucumber.keyword.CucumberBuiltinKeywords$runFeatureFile.call(Unknown Source)
	at 003-Add-Idea.run(003-Add-Idea:16)
	at com.kms.katalon.core.main.ScriptEngine.run(ScriptEngine.java:194)
	at com.kms.katalon.core.main.ScriptEngine.runScriptAsRawText(ScriptEngine.java:119)
	at com.kms.katalon.core.main.TestCaseExecutor.runScript(TestCaseExecutor.java:331)
	at com.kms.katalon.core.main.TestCaseExecutor.doExecute(TestCaseExecutor.java:322)
	at com.kms.katalon.core.main.TestCaseExecutor.processExecutionPhase(TestCaseExecutor.java:301)
	at com.kms.katalon.core.main.TestCaseExecutor.accessMainPhase(TestCaseExecutor.java:293)
	at com.kms.katalon.core.main.TestCaseExecutor.execute(TestCaseExecutor.java:227)
	at com.kms.katalon.core.main.TestSuiteExecutor.accessTestCaseMainPhase(TestSuiteExecutor.java:129)
	at com.kms.katalon.core.main.TestSuiteExecutor.accessTestSuiteMainPhase(TestSuiteExecutor.java:112)
	at com.kms.katalon.core.main.TestSuiteExecutor.execute(TestSuiteExecutor.java:81)
	at com.kms.katalon.core.main.TestCaseMain.startTestSuite(TestCaseMain.java:157)
	at com.kms.katalon.core.main.TestCaseMain$startTestSuite$0.call(Unknown Source)
	at TempTestSuite1555328164096.run(TempTestSuite1555328164096.groovy:35)
Caused by: org.openqa.selenium.WebDriverException: unknown error: Element <button type="button" id="btnSend" class="btn btn-block btn-primary" value="false">...</button> is not clickable at point (201, 286). Other element would receive the click: <div class="spinner-wrapper" id="ajaxBusy" style="">...</div>
  (Session info: chrome=73.0.3683.103)
  (Driver info: chromedriver=2.43.600210 (68dcf5eebde37173d4027fa8635e332711d2874a),platform=Windows NT 10.0.17134 x86_64) (WARNING: The server did not provide any stacktrace information)
Command duration or timeout: 0 milliseconds
Build info: version: '3.7.1', revision: '8a0099a', time: '2017-11-06T21:07:36.161Z'
System info: host: 'HP45G5', ip: '10.152.103.59', os.name: 'Windows 10', os.arch: 'amd64', os.version: '10.0', java.version: '1.8.0_181'
Driver info: com.kms.katalon.selenium.driver.CChromeDriver
Capabilities {acceptInsecureCerts: false, acceptSslCerts: false, applicationCacheEnabled: false, browserConnectionEnabled: false, browserName: chrome, chrome: {chromedriverVersion: 2.43.600210 (68dcf5eebde371..., userDataDir: C:\Users\HP\AppData\Local\T...}, cssSelectorsEnabled: true, databaseEnabled: false, goog:chromeOptions: {debuggerAddress: localhost:62579}, handlesAlerts: true, hasTouchScreen: false, javascriptEnabled: true, locationContextEnabled: true, mobileEmulationEnabled: false, nativeEvents: true, networkConnectionEnabled: false, pageLoadStrategy: normal, platform: XP, platformName: XP, rotatable: false, setWindowRect: true, takesHeapSnapshot: true, takesScreenshot: true, unexpectedAlertBehaviour: , unhandledPromptBehavior: , version: 73.0.3683.103, webStorageEnabled: true}
Session ID: f7668de3b809fd37d07b84032358329f
	at org.openqa.selenium.remote.ErrorHandler.createThrowable(ErrorHandler.java:214)
	at org.openqa.selenium.remote.ErrorHandler.throwIfResponseFailed(ErrorHandler.java:166)
	at org.openqa.selenium.remote.http.JsonHttpResponseCodec.reconstructValue(JsonHttpResponseCodec.java:40)
	at org.openqa.selenium.remote.http.AbstractHttpResponseCodec.decode(AbstractHttpResponseCodec.java:80)
	at org.openqa.selenium.remote.http.AbstractHttpResponseCodec.decode(AbstractHttpResponseCodec.java:44)
	at org.openqa.selenium.remote.HttpCommandExecutor.execute(HttpCommandExecutor.java:164)
	at org.openqa.selenium.remote.service.DriverCommandExecutor.execute(DriverCommandExecutor.java:83)
	at org.openqa.selenium.remote.RemoteWebDriver.execute(RemoteWebDriver.java:600)
	at com.kms.katalon.selenium.driver.CChromeDriver.execute(CChromeDriver.java:20)
	at org.openqa.selenium.remote.RemoteWebElement.execute(RemoteWebElement.java:279)
	at org.openqa.selenium.remote.RemoteWebElement.click(RemoteWebElement.java:83)
	at com.kms.katalon.core.webui.keyword.builtin.ClickKeyword$_click_closure1.doCall(ClickKeyword.groovy:79)
	at com.kms.katalon.core.webui.keyword.builtin.ClickKeyword$_click_closure1.call(ClickKeyword.groovy)
	at com.kms.katalon.core.webui.keyword.internal.WebUIKeywordMain.runKeyword(WebUIKeywordMain.groovy:20)
	at com.kms.katalon.core.webui.keyword.builtin.ClickKeyword.click(ClickKeyword.groovy:86)
	at com.kms.katalon.core.webui.keyword.builtin.ClickKeyword.execute(ClickKeyword.groovy:67)
	at com.kms.katalon.core.keyword.internal.KeywordExecutor.executeKeywordForPlatform(KeywordExecutor.groovy:56)
	at com.kms.katalon.core.webui.keyword.WebUiBuiltInKeywords.click(WebUiBuiltInKeywords.groovy:616)
	at com.kms.katalon.core.webui.keyword.WebUiBuiltInKeywords$click$5.call(Unknown Source)
	at com.pmo.steps.AddIdeaSteps.clickSendIdea(AddIdeaSteps.groovy:212)
	at cucumber.runtime.Utils$1.call(Utils.java:26)
	at cucumber.runtime.Timeout.timeout(Timeout.java:16)
	at cucumber.runtime.Utils.invoke(Utils.java:20)
	at cucumber.runtime.java.JavaStepDefinition.execute(JavaStepDefinition.java:48)
	at cucumber.runtime.PickleStepDefinitionMatch.runStep(PickleStepDefinitionMatch.java:50)
	at cucumber.runner.TestStep.executeStep(TestStep.java:55)
	at cucumber.runner.TestStep.run(TestStep.java:42)
	at cucumber.runner.PickleStepTestStep.run(PickleStepTestStep.java:53)
	at cucumber.runner.TestCase.run(TestCase.java:47)
	at cucumber.runner.Runner.runPickle(Runner.java:44)
	at cucumber.runtime.Runtime.runFeature(Runtime.java:120)
	at cucumber.runtime.Runtime.run(Runtime.java:106)
	at cucumber.api.cli.Main.run(Main.java:35)
	at cucumber.api.cli.Main$run.call(Unknown Source)
	at com.kms.katalon.core.cucumber.keyword.CucumberBuiltinKeywords$_runFeatureFile_closure1.doCall(CucumberBuiltinKeywords.groovy:76)
	at com.kms.katalon.core.cucumber.keyword.CucumberBuiltinKeywords$_runFeatureFile_closure1.doCall(CucumberBuiltinKeywords.groovy)
	at com.kms.katalon.core.keyword.internal.KeywordMain.runKeyword(KeywordMain.groovy:66)
	at com.kms.katalon.core.keyword.internal.KeywordMain$runKeyword.call(Unknown Source)
	at com.kms.katalon.core.cucumber.keyword.CucumberBuiltinKeywords.runFeatureFile(CucumberBuiltinKeywords.groovy:46)
	at com.kms.katalon.core.cucumber.keyword.CucumberBuiltinKeywords$runFeatureFile$0.callStatic(Unknown Source)
	at com.kms.katalon.core.cucumber.keyword.CucumberBuiltinKeywords.runFeatureFile(CucumberBuiltinKeywords.groovy:101)
	at com.kms.katalon.core.cucumber.keyword.CucumberBuiltinKeywords$runFeatureFile.call(Unknown Source)
	at Script1554886943707.run(Script1554886943707.groovy:16)
	... 13 more
)
[[ATTACHMENT|C:\\Users\\HP\\git\\PMO-Web-Application\\Reports\\First-Test-Suite\\20190415_143604\\1555328238431.png]]

2019-04-15 14:37:18 - [MESSAGE][FAILED] - I want to click send idea button FAILED.
Reason:
com.kms.katalon.core.exception.StepFailedException: Unable to click on object 'Object Repository/PMO-Objects/Page_Add New Project Request/SendIdeaButton'
	at com.kms.katalon.core.webui.keyword.internal.WebUIKeywordMain.stepFailed(WebUIKeywordMain.groovy:64)
	at com.kms.katalon.core.webui.keyword.internal.WebUIKeywordMain.runKeyword(WebUIKeywordMain.groovy:26)
	at com.kms.katalon.core.webui.keyword.builtin.ClickKeyword.click(ClickKeyword.groovy:86)
	at com.kms.katalon.core.webui.keyword.builtin.ClickKeyword.execute(ClickKeyword.groovy:67)
	at com.kms.katalon.core.keyword.internal.KeywordExecutor.executeKeywordForPlatform(KeywordExecutor.groovy:56)
	at com.kms.katalon.core.webui.keyword.WebUiBuiltInKeywords.click(WebUiBuiltInKeywords.groovy:616)
	at com.kms.katalon.core.webui.keyword.WebUiBuiltInKeywords$click$5.call(Unknown Source)
	at com.pmo.steps.AddIdeaSteps.clickSendIdea(AddIdeaSteps.groovy:212)
	at ✽.I want to click send idea button(C:/Users/HP/git/PMO-Web-Application/Include/features/Main-Features/003-Add-Idea.feature:20)
Caused by: org.openqa.selenium.WebDriverException: unknown error: Element <button type="button" id="btnSend" class="btn btn-block btn-primary" value="false">...</button> is not clickable at point (201, 286). Other element would receive the click: <div class="spinner-wrapper" id="ajaxBusy" style="">...</div>
  (Session info: chrome=73.0.3683.103)
  (Driver info: chromedriver=2.43.600210 (68dcf5eebde37173d4027fa8635e332711d2874a),platform=Windows NT 10.0.17134 x86_64) (WARNING: The server did not provide any stacktrace information)
Command duration or timeout: 0 milliseconds
Build info: version: '3.7.1', revision: '8a0099a', time: '2017-11-06T21:07:36.161Z'
System info: host: 'HP45G5', ip: '10.152.103.59', os.name: 'Windows 10', os.arch: 'amd64', os.version: '10.0', java.version: '1.8.0_181'
Driver info: com.kms.katalon.selenium.driver.CChromeDriver
Capabilities {acceptInsecureCerts: false, acceptSslCerts: false, applicationCacheEnabled: false, browserConnectionEnabled: false, browserName: chrome, chrome: {chromedriverVersion: 2.43.600210 (68dcf5eebde371..., userDataDir: C:\Users\HP\AppData\Local\T...}, cssSelectorsEnabled: true, databaseEnabled: false, goog:chromeOptions: {debuggerAddress: localhost:62579}, handlesAlerts: true, hasTouchScreen: false, javascriptEnabled: true, locationContextEnabled: true, mobileEmulationEnabled: false, nativeEvents: true, networkConnectionEnabled: false, pageLoadStrategy: normal, platform: XP, platformName: XP, rotatable: false, setWindowRect: true, takesHeapSnapshot: true, takesScreenshot: true, unexpectedAlertBehaviour: , unhandledPromptBehavior: , version: 73.0.3683.103, webStorageEnabled: true}
Session ID: f7668de3b809fd37d07b84032358329f
	at org.openqa.selenium.remote.ErrorHandler.createThrowable(ErrorHandler.java:214)
	at org.openqa.selenium.remote.ErrorHandler.throwIfResponseFailed(ErrorHandler.java:166)
	at org.openqa.selenium.remote.http.JsonHttpResponseCodec.reconstructValue(JsonHttpResponseCodec.java:40)
	at org.openqa.selenium.remote.http.AbstractHttpResponseCodec.decode(AbstractHttpResponseCodec.java:80)
	at org.openqa.selenium.remote.http.AbstractHttpResponseCodec.decode(AbstractHttpResponseCodec.java:44)
	at org.openqa.selenium.remote.HttpCommandExecutor.execute(HttpCommandExecutor.java:164)
	at org.openqa.selenium.remote.service.DriverCommandExecutor.execute(DriverCommandExecutor.java:83)
	at org.openqa.selenium.remote.RemoteWebDriver.execute(RemoteWebDriver.java:600)
	at com.kms.katalon.selenium.driver.CChromeDriver.execute(CChromeDriver.java:20)
	at org.openqa.selenium.remote.RemoteWebElement.execute(RemoteWebElement.java:279)
	at org.openqa.selenium.remote.RemoteWebElement.click(RemoteWebElement.java:83)
	at com.kms.katalon.core.webui.keyword.builtin.ClickKeyword$_click_closure1.doCall(ClickKeyword.groovy:79)
	at com.kms.katalon.core.webui.keyword.builtin.ClickKeyword$_click_closure1.call(ClickKeyword.groovy)
	at com.kms.katalon.core.webui.keyword.internal.WebUIKeywordMain.runKeyword(WebUIKeywordMain.groovy:20)
	at com.kms.katalon.core.webui.keyword.builtin.ClickKeyword.click(ClickKeyword.groovy:86)
	at com.kms.katalon.core.webui.keyword.builtin.ClickKeyword.execute(ClickKeyword.groovy:67)
	at com.kms.katalon.core.keyword.internal.KeywordExecutor.executeKeywordForPlatform(KeywordExecutor.groovy:56)
	at com.kms.katalon.core.webui.keyword.WebUiBuiltInKeywords.click(WebUiBuiltInKeywords.groovy:616)
	at com.kms.katalon.core.webui.keyword.WebUiBuiltInKeywords$click$5.call(Unknown Source)
	at com.pmo.steps.AddIdeaSteps.clickSendIdea(AddIdeaSteps.groovy:212)
	at cucumber.runtime.Utils$1.call(Utils.java:26)
	at cucumber.runtime.Timeout.timeout(Timeout.java:16)
	at cucumber.runtime.Utils.invoke(Utils.java:20)
	at cucumber.runtime.java.JavaStepDefinition.execute(JavaStepDefinition.java:48)
	at cucumber.runtime.PickleStepDefinitionMatch.runStep(PickleStepDefinitionMatch.java:50)
	at cucumber.runner.TestStep.executeStep(TestStep.java:55)
	at cucumber.runner.TestStep.run(TestStep.java:42)
	at cucumber.runner.PickleStepTestStep.run(PickleStepTestStep.java:53)
	at cucumber.runner.TestCase.run(TestCase.java:47)
	at cucumber.runner.Runner.runPickle(Runner.java:44)
	at cucumber.runtime.Runtime.runFeature(Runtime.java:120)
	at cucumber.runtime.Runtime.run(Runtime.java:106)
	at cucumber.api.cli.Main.run(Main.java:35)
	at cucumber.api.cli.Main$run.call(Unknown Source)
	at com.kms.katalon.core.cucumber.keyword.CucumberBuiltinKeywords$_runFeatureFile_closure1.doCall(CucumberBuiltinKeywords.groovy:76)
	at com.kms.katalon.core.cucumber.keyword.CucumberBuiltinKeywords$_runFeatureFile_closure1.doCall(CucumberBuiltinKeywords.groovy)
	at com.kms.katalon.core.keyword.internal.KeywordMain.runKeyword(KeywordMain.groovy:66)
	at com.kms.katalon.core.keyword.internal.KeywordMain$runKeyword.call(Unknown Source)
	at com.kms.katalon.core.cucumber.keyword.CucumberBuiltinKeywords.runFeatureFile(CucumberBuiltinKeywords.groovy:46)
	at com.kms.katalon.core.cucumber.keyword.CucumberBuiltinKeywords$runFeatureFile$0.callStatic(Unknown Source)
	at com.kms.katalon.core.cucumber.keyword.CucumberBuiltinKeywords.runFeatureFile(CucumberBuiltinKeywords.groovy:101)
	at com.kms.katalon.core.cucumber.keyword.CucumberBuiltinKeywords$runFeatureFile.call(Unknown Source)
	at Script1554886943707.run(Script1554886943707.groovy:16)
	at com.kms.katalon.core.main.ScriptEngine.run(ScriptEngine.java:194)
	at com.kms.katalon.core.main.ScriptEngine.runScriptAsRawText(ScriptEngine.java:119)
	at com.kms.katalon.core.main.TestCaseExecutor.runScript(TestCaseExecutor.java:331)
	at com.kms.katalon.core.main.TestCaseExecutor.doExecute(TestCaseExecutor.java:322)
	at com.kms.katalon.core.main.TestCaseExecutor.processExecutionPhase(TestCaseExecutor.java:301)
	at com.kms.katalon.core.main.TestCaseExecutor.accessMainPhase(TestCaseExecutor.java:293)
	at com.kms.katalon.core.main.TestCaseExecutor.execute(TestCaseExecutor.java:227)
	at com.kms.katalon.core.main.TestSuiteExecutor.accessTestCaseMainPhase(TestSuiteExecutor.java:129)
	at com.kms.katalon.core.main.TestSuiteExecutor.accessTestSuiteMainPhase(TestSuiteExecutor.java:112)
	at com.kms.katalon.core.main.TestSuiteExecutor.execute(TestSuiteExecutor.java:81)
	at com.kms.katalon.core.main.TestCaseMain.startTestSuite(TestCaseMain.java:157)
	at com.kms.katalon.core.main.TestCaseMain$startTestSuite$0.call(Unknown Source)
	at TempTestSuite1555328164096.run(TempTestSuite1555328164096.groovy:35)


2019-04-15 14:37:18 - [TEST_STEP][NOT_RUN] - I want to verify idea added successfuly: I want to verify idea added successfuly

2019-04-15 14:37:18 - [MESSAGE][NOT_RUN] - I want to verify idea added successfuly

2019-04-15 14:37:18 - [TEST_STEP][NOT_RUN] - I want to close browser: I want to close browser

2019-04-15 14:37:18 - [MESSAGE][NOT_RUN] - I want to close browser

2019-04-15 14:37:18 - [MESSAGE][FAILED] - Feature file 'Include/features/Main-Features/003-Add-Idea.feature' was failed

2019-04-15 14:37:18 - [MESSAGE][FAILED] - Keyword runFeatureFile was failed (Root cause: com.kms.katalon.core.exception.StepFailedException: Feature file 'Include/features/Main-Features/003-Add-Idea.feature' was failed
	at com.kms.katalon.core.keyword.internal.KeywordMain.stepFailed(KeywordMain.groovy:48)
	at com.kms.katalon.core.keyword.internal.KeywordMain.stepFailed(KeywordMain.groovy)
	at com.kms.katalon.core.keyword.internal.KeywordMain.stepFailed(KeywordMain.groovy:21)
	at com.kms.katalon.core.keyword.internal.KeywordMain$stepFailed$0.call(Unknown Source)
	at com.kms.katalon.core.cucumber.keyword.CucumberBuiltinKeywords$_runFeatureFile_closure1.doCall(CucumberBuiltinKeywords.groovy:82)
	at com.kms.katalon.core.cucumber.keyword.CucumberBuiltinKeywords$_runFeatureFile_closure1.doCall(CucumberBuiltinKeywords.groovy)
	at com.kms.katalon.core.keyword.internal.KeywordMain.runKeyword(KeywordMain.groovy:66)
	at com.kms.katalon.core.keyword.internal.KeywordMain$runKeyword.call(Unknown Source)
	at com.kms.katalon.core.cucumber.keyword.CucumberBuiltinKeywords.runFeatureFile(CucumberBuiltinKeywords.groovy:46)
	at com.kms.katalon.core.cucumber.keyword.CucumberBuiltinKeywords$runFeatureFile$0.callStatic(Unknown Source)
	at com.kms.katalon.core.cucumber.keyword.CucumberBuiltinKeywords.runFeatureFile(CucumberBuiltinKeywords.groovy:101)
	at com.kms.katalon.core.cucumber.keyword.CucumberBuiltinKeywords$runFeatureFile.call(Unknown Source)
	at 003-Add-Idea.run(003-Add-Idea:16)
	at com.kms.katalon.core.main.ScriptEngine.run(ScriptEngine.java:194)
	at com.kms.katalon.core.main.ScriptEngine.runScriptAsRawText(ScriptEngine.java:119)
	at com.kms.katalon.core.main.TestCaseExecutor.runScript(TestCaseExecutor.java:331)
	at com.kms.katalon.core.main.TestCaseExecutor.doExecute(TestCaseExecutor.java:322)
	at com.kms.katalon.core.main.TestCaseExecutor.processExecutionPhase(TestCaseExecutor.java:301)
	at com.kms.katalon.core.main.TestCaseExecutor.accessMainPhase(TestCaseExecutor.java:293)
	at com.kms.katalon.core.main.TestCaseExecutor.execute(TestCaseExecutor.java:227)
	at com.kms.katalon.core.main.TestSuiteExecutor.accessTestCaseMainPhase(TestSuiteExecutor.java:129)
	at com.kms.katalon.core.main.TestSuiteExecutor.accessTestSuiteMainPhase(TestSuiteExecutor.java:112)
	at com.kms.katalon.core.main.TestSuiteExecutor.execute(TestSuiteExecutor.java:81)
	at com.kms.katalon.core.main.TestCaseMain.startTestSuite(TestCaseMain.java:157)
	at com.kms.katalon.core.main.TestCaseMain$startTestSuite$0.call(Unknown Source)
	at TempTestSuite1555328164096.run(TempTestSuite1555328164096.groovy:35)
)

2019-04-15 14:37:18 - [MESSAGE][FAILED] - runFeatureFile("Include/features/Main-Features/003-Add-Idea.feature") FAILED.
Reason:
com.kms.katalon.core.exception.StepFailedException: Feature file 'Include/features/Main-Features/003-Add-Idea.feature' was failed
	at com.kms.katalon.core.keyword.internal.KeywordMain.stepFailed(KeywordMain.groovy:48)
	at com.kms.katalon.core.keyword.internal.KeywordMain.stepFailed(KeywordMain.groovy)
	at com.kms.katalon.core.keyword.internal.KeywordMain.stepFailed(KeywordMain.groovy:21)
	at com.kms.katalon.core.keyword.internal.KeywordMain$stepFailed$0.call(Unknown Source)
	at com.kms.katalon.core.cucumber.keyword.CucumberBuiltinKeywords$_runFeatureFile_closure1.doCall(CucumberBuiltinKeywords.groovy:82)
	at com.kms.katalon.core.cucumber.keyword.CucumberBuiltinKeywords$_runFeatureFile_closure1.doCall(CucumberBuiltinKeywords.groovy)
	at com.kms.katalon.core.keyword.internal.KeywordMain.runKeyword(KeywordMain.groovy:66)
	at com.kms.katalon.core.keyword.internal.KeywordMain$runKeyword.call(Unknown Source)
	at com.kms.katalon.core.cucumber.keyword.CucumberBuiltinKeywords.runFeatureFile(CucumberBuiltinKeywords.groovy:46)
	at com.kms.katalon.core.cucumber.keyword.CucumberBuiltinKeywords$runFeatureFile$0.callStatic(Unknown Source)
	at com.kms.katalon.core.cucumber.keyword.CucumberBuiltinKeywords.runFeatureFile(CucumberBuiltinKeywords.groovy:101)
	at com.kms.katalon.core.cucumber.keyword.CucumberBuiltinKeywords$runFeatureFile.call(Unknown Source)
	at 003-Add-Idea.run(003-Add-Idea:16)
	at com.kms.katalon.core.main.ScriptEngine.run(ScriptEngine.java:194)
	at com.kms.katalon.core.main.ScriptEngine.runScriptAsRawText(ScriptEngine.java:119)
	at com.kms.katalon.core.main.TestCaseExecutor.runScript(TestCaseExecutor.java:331)
	at com.kms.katalon.core.main.TestCaseExecutor.doExecute(TestCaseExecutor.java:322)
	at com.kms.katalon.core.main.TestCaseExecutor.processExecutionPhase(TestCaseExecutor.java:301)
	at com.kms.katalon.core.main.TestCaseExecutor.accessMainPhase(TestCaseExecutor.java:293)
	at com.kms.katalon.core.main.TestCaseExecutor.execute(TestCaseExecutor.java:227)
	at com.kms.katalon.core.main.TestSuiteExecutor.accessTestCaseMainPhase(TestSuiteExecutor.java:129)
	at com.kms.katalon.core.main.TestSuiteExecutor.accessTestSuiteMainPhase(TestSuiteExecutor.java:112)
	at com.kms.katalon.core.main.TestSuiteExecutor.execute(TestSuiteExecutor.java:81)
	at com.kms.katalon.core.main.TestCaseMain.startTestSuite(TestCaseMain.java:157)
	at com.kms.katalon.core.main.TestCaseMain$startTestSuite$0.call(Unknown Source)
	at TempTestSuite1555328164096.run(TempTestSuite1555328164096.groovy:35)]]></system-out>
         <system-err><![CDATA[2019-04-15 14:36:47 - [TEST_CASE][FAILED] - Test Cases/Main-Test-Cases/003-Add-Idea: Test Cases/Main-Test-Cases/003-Add-Idea FAILED.
Reason:
com.kms.katalon.core.exception.StepFailedException: Feature file 'Include/features/Main-Features/003-Add-Idea.feature' was failed
	at com.kms.katalon.core.keyword.internal.KeywordMain.stepFailed(KeywordMain.groovy:48)
	at com.kms.katalon.core.keyword.internal.KeywordMain.stepFailed(KeywordMain.groovy)
	at com.kms.katalon.core.keyword.internal.KeywordMain.stepFailed(KeywordMain.groovy:21)
	at com.kms.katalon.core.keyword.internal.KeywordMain$stepFailed$0.call(Unknown Source)
	at com.kms.katalon.core.cucumber.keyword.CucumberBuiltinKeywords$_runFeatureFile_closure1.doCall(CucumberBuiltinKeywords.groovy:82)
	at com.kms.katalon.core.cucumber.keyword.CucumberBuiltinKeywords$_runFeatureFile_closure1.doCall(CucumberBuiltinKeywords.groovy)
	at com.kms.katalon.core.keyword.internal.KeywordMain.runKeyword(KeywordMain.groovy:66)
	at com.kms.katalon.core.keyword.internal.KeywordMain$runKeyword.call(Unknown Source)
	at com.kms.katalon.core.cucumber.keyword.CucumberBuiltinKeywords.runFeatureFile(CucumberBuiltinKeywords.groovy:46)
	at com.kms.katalon.core.cucumber.keyword.CucumberBuiltinKeywords$runFeatureFile$0.callStatic(Unknown Source)
	at com.kms.katalon.core.cucumber.keyword.CucumberBuiltinKeywords.runFeatureFile(CucumberBuiltinKeywords.groovy:101)
	at com.kms.katalon.core.cucumber.keyword.CucumberBuiltinKeywords$runFeatureFile.call(Unknown Source)
	at 003-Add-Idea.run(003-Add-Idea:16)
	at com.kms.katalon.core.main.ScriptEngine.run(ScriptEngine.java:194)
	at com.kms.katalon.core.main.ScriptEngine.runScriptAsRawText(ScriptEngine.java:119)
	at com.kms.katalon.core.main.TestCaseExecutor.runScript(TestCaseExecutor.java:331)
	at com.kms.katalon.core.main.TestCaseExecutor.doExecute(TestCaseExecutor.java:322)
	at com.kms.katalon.core.main.TestCaseExecutor.processExecutionPhase(TestCaseExecutor.java:301)
	at com.kms.katalon.core.main.TestCaseExecutor.accessMainPhase(TestCaseExecutor.java:293)
	at com.kms.katalon.core.main.TestCaseExecutor.execute(TestCaseExecutor.java:227)
	at com.kms.katalon.core.main.TestSuiteExecutor.accessTestCaseMainPhase(TestSuiteExecutor.java:129)
	at com.kms.katalon.core.main.TestSuiteExecutor.accessTestSuiteMainPhase(TestSuiteExecutor.java:112)
	at com.kms.katalon.core.main.TestSuiteExecutor.execute(TestSuiteExecutor.java:81)
	at com.kms.katalon.core.main.TestCaseMain.startTestSuite(TestCaseMain.java:157)
	at com.kms.katalon.core.main.TestCaseMain$startTestSuite$0.call(Unknown Source)
	at TempTestSuite1555328164096.run(TempTestSuite1555328164096.groovy:35)]]></system-err>
      </testcase>
      <testcase name="Test Cases/Main-Test-Cases/004-Cancel-Idea-Creation" classname="Test Cases/Main-Test-Cases/004-Cancel-Idea-Creation" status="PASSED">
         <system-out><![CDATA[2019-04-15 14:37:18 - [TEST_CASE][PASSED] - Test Cases/Main-Test-Cases/004-Cancel-Idea-Creation: Test Cases/Main-Test-Cases/004-Cancel-Idea-Creation

2019-04-15 14:37:18 - [TEST_STEP][PASSED] - runFeatureFile("Include/features/Main-Features/004-Cancel-Idea-Creation.feature"): Feature file: 'Include/features/Main-Features/004-Cancel-Idea-Creation.feature' was passed

2019-04-15 14:37:18 - [MESSAGE][INFO] - Starting run keyword runFeatureFile: 'Include/features/Main-Features/004-Cancel-Idea-Creation.feature' and extract report to folder: 'C:\Users\HP\git\PMO-Web-Application\Reports\First-Test-Suite\20190415_143604/cucumber_report/1555328238895'...

2019-04-15 14:37:19 - [TEST_CASE][PASSED] - Start Test Case : SCENARIO Cancel idea creation process: SCENARIO Cancel idea creation process

2019-04-15 14:37:19 - [TEST_STEP][PASSED] - I want to open browser: I want to open browser

2019-04-15 14:37:19 - [MESSAGE][WARNING] - A browser is already opened. Closing browser and opening a new one

2019-04-15 14:37:19 - [MESSAGE][INFO] - Starting 'Chrome' driver

2019-04-15 14:37:21 - [MESSAGE][PASSED] - Browser is opened with url: ''

2019-04-15 14:37:21 - [MESSAGE][PASSED] - Delete all cookies successfully

2019-04-15 14:37:21 - [MESSAGE][PASSED] - I want to open browser

2019-04-15 14:37:21 - [TEST_STEP][PASSED] - I want to maximize window: I want to maximize window

2019-04-15 14:37:22 - [MESSAGE][PASSED] - Current window maximized

2019-04-15 14:37:22 - [MESSAGE][PASSED] - I want to maximize window

2019-04-15 14:37:22 - [TEST_STEP][PASSED] - I want to go to OOB: I want to go to OOB

2019-04-15 14:37:34 - [MESSAGE][PASSED] - Navigate to 'http://pmoadmin:P@ssw0rd@dev5.cloudapp.net/OOB2/' successfully

2019-04-15 14:37:34 - [MESSAGE][PASSED] - I want to go to OOB

2019-04-15 14:37:34 - [TEST_STEP][PASSED] - I want to verify I'm in OOB main page: I want to verify I'm in OOB main page

2019-04-15 14:37:34 - [MESSAGE][WARNING] - Timeout '0' is invalid. Using default page load timeout: '30'

2019-04-15 14:37:34 - [MESSAGE][PASSED] - Object 'Object Repository/OOB-Objects/OOB-Side-Bar' is present

2019-04-15 14:37:34 - [MESSAGE][PASSED] - I want to verify I'm in OOB main page

2019-04-15 14:37:34 - [TEST_STEP][PASSED] - I want to go to ideas list page: I want to go to ideas list page

2019-04-15 14:37:41 - [MESSAGE][PASSED] - Object: 'Object Repository/OOB-Objects/IdeasList' is clicked on

2019-04-15 14:37:41 - [MESSAGE][PASSED] - I want to go to ideas list page

2019-04-15 14:37:41 - [TEST_STEP][PASSED] - I want to click on Add New button: I want to click on Add New button

2019-04-15 14:37:43 - [MESSAGE][PASSED] - Object: 'Object Repository/PMO-Objects/Page_Project Request/Add-New-Project-Request' is clicked on

2019-04-15 14:37:43 - [MESSAGE][PASSED] - I want to click on Add New button

2019-04-15 14:37:43 - [TEST_STEP][PASSED] - I want to fill idea name field: I want to fill idea name field

2019-04-15 14:37:43 - [MESSAGE][PASSED] - Text 'Automation2181' is set on object 'Object Repository/PMO-Objects/Page_Add New Project Request/Idea-Name-Field'

2019-04-15 14:37:43 - [MESSAGE][PASSED] - I want to fill idea name field

2019-04-15 14:37:43 - [TEST_STEP][PASSED] - I want to select expected start date: I want to select expected start date

2019-04-15 14:37:43 - [MESSAGE][PASSED] - Object: 'Object Repository/PMO-Objects/Page_Add New Project Request/GREGORIAN-Start-date-Check-Box' is clicked on

2019-04-15 14:37:43 - [MESSAGE][PASSED] - Object: 'Object Repository/PMO-Objects/Page_Add New Project Request/Excepted-Start-Date' is clicked on

2019-04-15 14:37:43 - [MESSAGE][PASSED] - Object: 'Object Repository/PMO-Objects/Page_Add New Project Request/Day26' is hovered

2019-04-15 14:37:43 - [MESSAGE][PASSED] - Object: 'Object Repository/PMO-Objects/Page_Add New Project Request/Day26' is clicked on

2019-04-15 14:37:43 - [MESSAGE][PASSED] - I want to select expected start date

2019-04-15 14:37:43 - [TEST_STEP][PASSED] - I want to select expected end date: I want to select expected end date

2019-04-15 14:37:43 - [MESSAGE][PASSED] - Object 'Object Repository/PMO-Objects/Page_Add New Project Request/GREGORIAN-End-Date-Check-Box' is visible

2019-04-15 14:37:44 - [MESSAGE][PASSED] - Object: 'Object Repository/PMO-Objects/Page_Add New Project Request/GREGORIAN-End-Date-Check-Box' is clicked on

2019-04-15 14:37:44 - [MESSAGE][PASSED] - Object: 'Object Repository/PMO-Objects/Page_Add New Project Request/Excpected-End-Date' is clicked on

2019-04-15 14:37:44 - [MESSAGE][PASSED] - All options with index in [4] are selected on object 'Object Repository/PMO-Objects/Page_Add New Project Request/EndDateMonthDropdown'

2019-04-15 14:37:44 - [MESSAGE][PASSED] - Object: 'Object Repository/PMO-Objects/Page_Add New Project Request/EndDateDay15' is hovered

2019-04-15 14:37:44 - [MESSAGE][PASSED] - Object: 'Object Repository/PMO-Objects/Page_Add New Project Request/EndDateDay15' is clicked on

2019-04-15 14:37:44 - [MESSAGE][PASSED] - I want to select expected end date

2019-04-15 14:37:44 - [TEST_STEP][PASSED] - I want to fill idea objective field: I want to fill idea objective field

2019-04-15 14:37:44 - [MESSAGE][PASSED] - Text 'Automation' is set on object 'Object Repository/PMO-Objects/Page_Add New Project Request/Idea-Objective-Field'

2019-04-15 14:37:44 - [MESSAGE][PASSED] - I want to fill idea objective field

2019-04-15 14:37:44 - [TEST_STEP][PASSED] - I want to fill expected budget field: I want to fill expected budget field

2019-04-15 14:37:44 - [MESSAGE][PASSED] - Text '10000' is set on object 'Object Repository/PMO-Objects/Page_Add New Project Request/Expected-Budget-Field'

2019-04-15 14:37:44 - [MESSAGE][PASSED] - I want to fill expected budget field

2019-04-15 14:37:44 - [TEST_STEP][PASSED] - I want to fill Notes field: I want to fill Notes field

2019-04-15 14:37:44 - [MESSAGE][PASSED] - Text 'test note' is set on object 'Object Repository/PMO-Objects/Page_Add New Project Request/Notes-Field'

2019-04-15 14:37:44 - [MESSAGE][PASSED] - I want to fill Notes field

2019-04-15 14:37:44 - [TEST_STEP][PASSED] - I want to click Cancel idea button: I want to click Cancel idea button

2019-04-15 14:37:44 - [MESSAGE][PASSED] - Object: 'Object Repository/PMO-Objects/Page_Add New Project Request/CancelIdeaButton' is hovered

2019-04-15 14:37:46 - [MESSAGE][PASSED] - Object: 'Object Repository/PMO-Objects/Page_Add New Project Request/CancelIdeaButton' is clicked on

2019-04-15 14:37:46 - [MESSAGE][PASSED] - I want to click Cancel idea button

2019-04-15 14:37:46 - [TEST_STEP][PASSED] - I want to check idea not created: I want to check idea not created

2019-04-15 14:37:46 - [MESSAGE][PASSED] - Text 'Automation2181' is set on object 'Object Repository/PMO-Objects/Page_Project Request/SearchField'

2019-04-15 14:37:47 - [MESSAGE][PASSED] - Actual text and expected text of test object 'Object Repository/PMO-Objects/Page_Project Request/SearchResult' are matched.

2019-04-15 14:37:47 - [MESSAGE][PASSED] - I want to check idea not created

2019-04-15 14:37:47 - [TEST_STEP][PASSED] - I want to close browser: I want to close browser

2019-04-15 14:37:47 - [MESSAGE][PASSED] - Browser is closed

2019-04-15 14:37:47 - [MESSAGE][PASSED] - I want to close browser

2019-04-15 14:37:47 - [MESSAGE][PASSED] - Feature file: 'Include/features/Main-Features/004-Cancel-Idea-Creation.feature' was passed]]></system-out>
         <system-err><![CDATA[]]></system-err>
      </testcase>
      <testcase name="Test Cases/Main-Test-Cases/005-Save-Idea" classname="Test Cases/Main-Test-Cases/005-Save-Idea" status="PASSED">
         <system-out><![CDATA[2019-04-15 14:37:47 - [TEST_CASE][PASSED] - Test Cases/Main-Test-Cases/005-Save-Idea: Test Cases/Main-Test-Cases/005-Save-Idea

2019-04-15 14:37:48 - [TEST_STEP][PASSED] - runFeatureFile("Include/features/Main-Features/005-Save-Idea.feature"): Feature file: 'Include/features/Main-Features/005-Save-Idea.feature' was passed

2019-04-15 14:37:48 - [MESSAGE][INFO] - Starting run keyword runFeatureFile: 'Include/features/Main-Features/005-Save-Idea.feature' and extract report to folder: 'C:\Users\HP\git\PMO-Web-Application\Reports\First-Test-Suite\20190415_143604/cucumber_report/1555328268061'...

2019-04-15 14:37:48 - [TEST_CASE][PASSED] - Start Test Case : SCENARIO Save Idea: SCENARIO Save Idea

2019-04-15 14:37:48 - [TEST_STEP][PASSED] - I want to open browser: I want to open browser

2019-04-15 14:37:48 - [MESSAGE][INFO] - Starting 'Chrome' driver

2019-04-15 14:37:50 - [MESSAGE][PASSED] - Browser is opened with url: ''

2019-04-15 14:37:50 - [MESSAGE][PASSED] - Delete all cookies successfully

2019-04-15 14:37:50 - [MESSAGE][PASSED] - I want to open browser

2019-04-15 14:37:50 - [TEST_STEP][PASSED] - I want to maximize window: I want to maximize window

2019-04-15 14:37:51 - [MESSAGE][PASSED] - Current window maximized

2019-04-15 14:37:51 - [MESSAGE][PASSED] - I want to maximize window

2019-04-15 14:37:51 - [TEST_STEP][PASSED] - I want to go to OOB: I want to go to OOB

2019-04-15 14:38:01 - [MESSAGE][PASSED] - Navigate to 'http://pmoadmin:P@ssw0rd@dev5.cloudapp.net/OOB2/' successfully

2019-04-15 14:38:01 - [MESSAGE][PASSED] - I want to go to OOB

2019-04-15 14:38:01 - [TEST_STEP][PASSED] - I want to verify I'm in OOB main page: I want to verify I'm in OOB main page

2019-04-15 14:38:01 - [MESSAGE][WARNING] - Timeout '0' is invalid. Using default page load timeout: '30'

2019-04-15 14:38:01 - [MESSAGE][PASSED] - Object 'Object Repository/OOB-Objects/OOB-Side-Bar' is present

2019-04-15 14:38:01 - [MESSAGE][PASSED] - I want to verify I'm in OOB main page

2019-04-15 14:38:01 - [TEST_STEP][PASSED] - I want to go to ideas list page: I want to go to ideas list page

2019-04-15 14:38:10 - [MESSAGE][PASSED] - Object: 'Object Repository/OOB-Objects/IdeasList' is clicked on

2019-04-15 14:38:10 - [MESSAGE][PASSED] - I want to go to ideas list page

2019-04-15 14:38:10 - [TEST_STEP][PASSED] - I want to click on Add New button: I want to click on Add New button

2019-04-15 14:38:11 - [MESSAGE][PASSED] - Object: 'Object Repository/PMO-Objects/Page_Project Request/Add-New-Project-Request' is clicked on

2019-04-15 14:38:11 - [MESSAGE][PASSED] - I want to click on Add New button

2019-04-15 14:38:11 - [TEST_STEP][PASSED] - I want to fill idea name field: I want to fill idea name field

2019-04-15 14:38:11 - [MESSAGE][PASSED] - Text 'Automation2709' is set on object 'Object Repository/PMO-Objects/Page_Add New Project Request/Idea-Name-Field'

2019-04-15 14:38:11 - [MESSAGE][PASSED] - I want to fill idea name field

2019-04-15 14:38:11 - [TEST_STEP][PASSED] - I want to select expected start date: I want to select expected start date

2019-04-15 14:38:11 - [MESSAGE][PASSED] - Object: 'Object Repository/PMO-Objects/Page_Add New Project Request/GREGORIAN-Start-date-Check-Box' is clicked on

2019-04-15 14:38:11 - [MESSAGE][PASSED] - Object: 'Object Repository/PMO-Objects/Page_Add New Project Request/Excepted-Start-Date' is clicked on

2019-04-15 14:38:11 - [MESSAGE][PASSED] - Object: 'Object Repository/PMO-Objects/Page_Add New Project Request/Day26' is hovered

2019-04-15 14:38:11 - [MESSAGE][PASSED] - Object: 'Object Repository/PMO-Objects/Page_Add New Project Request/Day26' is clicked on

2019-04-15 14:38:11 - [MESSAGE][PASSED] - I want to select expected start date

2019-04-15 14:38:11 - [TEST_STEP][PASSED] - I want to select expected end date: I want to select expected end date

2019-04-15 14:38:11 - [MESSAGE][PASSED] - Object 'Object Repository/PMO-Objects/Page_Add New Project Request/GREGORIAN-End-Date-Check-Box' is visible

2019-04-15 14:38:11 - [MESSAGE][PASSED] - Object: 'Object Repository/PMO-Objects/Page_Add New Project Request/GREGORIAN-End-Date-Check-Box' is clicked on

2019-04-15 14:38:11 - [MESSAGE][PASSED] - Object: 'Object Repository/PMO-Objects/Page_Add New Project Request/Excpected-End-Date' is clicked on

2019-04-15 14:38:11 - [MESSAGE][PASSED] - All options with index in [4] are selected on object 'Object Repository/PMO-Objects/Page_Add New Project Request/EndDateMonthDropdown'

2019-04-15 14:38:12 - [MESSAGE][PASSED] - Object: 'Object Repository/PMO-Objects/Page_Add New Project Request/EndDateDay15' is hovered

2019-04-15 14:38:12 - [MESSAGE][PASSED] - Object: 'Object Repository/PMO-Objects/Page_Add New Project Request/EndDateDay15' is clicked on

2019-04-15 14:38:12 - [MESSAGE][PASSED] - I want to select expected end date

2019-04-15 14:38:12 - [TEST_STEP][PASSED] - I want to fill idea objective field: I want to fill idea objective field

2019-04-15 14:38:12 - [MESSAGE][PASSED] - Text 'Automation' is set on object 'Object Repository/PMO-Objects/Page_Add New Project Request/Idea-Objective-Field'

2019-04-15 14:38:12 - [MESSAGE][PASSED] - I want to fill idea objective field

2019-04-15 14:38:12 - [TEST_STEP][PASSED] - I want to fill expected budget field: I want to fill expected budget field

2019-04-15 14:38:12 - [MESSAGE][PASSED] - Text '10000' is set on object 'Object Repository/PMO-Objects/Page_Add New Project Request/Expected-Budget-Field'

2019-04-15 14:38:12 - [MESSAGE][PASSED] - I want to fill expected budget field

2019-04-15 14:38:12 - [TEST_STEP][PASSED] - I want to fill Notes field: I want to fill Notes field

2019-04-15 14:38:12 - [MESSAGE][PASSED] - Text 'test note' is set on object 'Object Repository/PMO-Objects/Page_Add New Project Request/Notes-Field'

2019-04-15 14:38:12 - [MESSAGE][PASSED] - I want to fill Notes field

2019-04-15 14:38:12 - [TEST_STEP][PASSED] - I want to click save idea button: I want to click save idea button

2019-04-15 14:38:12 - [MESSAGE][WARNING] - Timeout '0' is invalid. Using default page load timeout: '30'

2019-04-15 14:38:12 - [MESSAGE][PASSED] - Object 'Object Repository/SaveIdeaButton' is present

2019-04-15 14:38:12 - [MESSAGE][WARNING] - Timeout '0' is invalid. Using default page load timeout: '30'

2019-04-15 14:38:12 - [MESSAGE][PASSED] - Object 'Object Repository/SaveIdeaButton' is clickable

2019-04-15 14:38:12 - [MESSAGE][PASSED] - Object: 'Object Repository/SaveIdeaButton' is clicked on

2019-04-15 14:38:12 - [MESSAGE][WARNING] - Timeout '0' is invalid. Using default page load timeout: '30'

2019-04-15 14:38:12 - [MESSAGE][PASSED] - Wait for page load successfully

2019-04-15 14:38:12 - [MESSAGE][PASSED] - I want to click save idea button

2019-04-15 14:38:12 - [TEST_STEP][PASSED] - I want to wait for page load: I want to wait for page load

2019-04-15 14:38:12 - [MESSAGE][WARNING] - Timeout '0' is invalid. Using default page load timeout: '30'

2019-04-15 14:38:12 - [MESSAGE][PASSED] - Wait for page load successfully

2019-04-15 14:38:12 - [MESSAGE][PASSED] - Refresh successfully

2019-04-15 14:38:12 - [MESSAGE][PASSED] - I want to wait for page load

2019-04-15 14:38:12 - [TEST_STEP][PASSED] - I want to go to ideas list page: I want to go to ideas list page

2019-04-15 14:38:14 - [MESSAGE][PASSED] - Object: 'Object Repository/OOB-Objects/IdeasList' is clicked on

2019-04-15 14:38:14 - [MESSAGE][PASSED] - I want to go to ideas list page

2019-04-15 14:38:14 - [TEST_STEP][PASSED] - I want to search on saved idea: I want to search on saved idea

2019-04-15 14:38:14 - [MESSAGE][PASSED] - Text 'Automation2709' is set on object 'Object Repository/PMO-Objects/Page_Project Request/SearchField'

2019-04-15 14:38:17 - [MESSAGE][PASSED] - Actual text and expected text of test object 'Object Repository/PMO-Objects/Page_Project Request/SearchResult' are matched.

2019-04-15 14:38:17 - [MESSAGE][PASSED] - I want to search on saved idea

2019-04-15 14:38:17 - [TEST_STEP][PASSED] - I want to close browser: I want to close browser

2019-04-15 14:38:17 - [MESSAGE][PASSED] - Browser is closed

2019-04-15 14:38:17 - [MESSAGE][PASSED] - I want to close browser

2019-04-15 14:38:17 - [MESSAGE][PASSED] - Feature file: 'Include/features/Main-Features/005-Save-Idea.feature' was passed]]></system-out>
         <system-err><![CDATA[]]></system-err>
      </testcase>
      <testcase name="Test Cases/Main-Test-Cases/006-Check-Mandatory-Fields" classname="Test Cases/Main-Test-Cases/006-Check-Mandatory-Fields" status="PASSED">
         <system-out><![CDATA[2019-04-15 14:38:17 - [TEST_CASE][PASSED] - Test Cases/Main-Test-Cases/006-Check-Mandatory-Fields: Test Cases/Main-Test-Cases/006-Check-Mandatory-Fields

2019-04-15 14:38:17 - [TEST_STEP][PASSED] - runFeatureFile("Include/features/Main-Features/006-Check-Mandatory-Fields.feature"): Feature file: 'Include/features/Main-Features/006-Check-Mandatory-Fields.feature' was passed

2019-04-15 14:38:17 - [MESSAGE][INFO] - Starting run keyword runFeatureFile: 'Include/features/Main-Features/006-Check-Mandatory-Fields.feature' and extract report to folder: 'C:\Users\HP\git\PMO-Web-Application\Reports\First-Test-Suite\20190415_143604/cucumber_report/1555328297792'...

2019-04-15 14:38:17 - [TEST_CASE][PASSED] - Start Test Case : SCENARIO check create idea form mandatory fields: SCENARIO check create idea form mandatory fields

2019-04-15 14:38:17 - [TEST_STEP][PASSED] - I want to open browser: I want to open browser

2019-04-15 14:38:17 - [MESSAGE][INFO] - Starting 'Chrome' driver

2019-04-15 14:38:19 - [MESSAGE][PASSED] - Browser is opened with url: ''

2019-04-15 14:38:19 - [MESSAGE][PASSED] - Delete all cookies successfully

2019-04-15 14:38:19 - [MESSAGE][PASSED] - I want to open browser

2019-04-15 14:38:19 - [TEST_STEP][PASSED] - I want to maximize window: I want to maximize window

2019-04-15 14:38:21 - [MESSAGE][PASSED] - Current window maximized

2019-04-15 14:38:21 - [MESSAGE][PASSED] - I want to maximize window

2019-04-15 14:38:21 - [TEST_STEP][PASSED] - I want to go to OOB: I want to go to OOB

2019-04-15 14:38:33 - [MESSAGE][PASSED] - Navigate to 'http://pmoadmin:P@ssw0rd@dev5.cloudapp.net/OOB2/' successfully

2019-04-15 14:38:33 - [MESSAGE][PASSED] - I want to go to OOB

2019-04-15 14:38:33 - [TEST_STEP][PASSED] - I want to verify I'm in OOB main page: I want to verify I'm in OOB main page

2019-04-15 14:38:33 - [MESSAGE][WARNING] - Timeout '0' is invalid. Using default page load timeout: '30'

2019-04-15 14:38:33 - [MESSAGE][PASSED] - Object 'Object Repository/OOB-Objects/OOB-Side-Bar' is present

2019-04-15 14:38:33 - [MESSAGE][PASSED] - I want to verify I'm in OOB main page

2019-04-15 14:38:33 - [TEST_STEP][PASSED] - I want to go to ideas list page: I want to go to ideas list page

2019-04-15 14:38:42 - [MESSAGE][PASSED] - Object: 'Object Repository/OOB-Objects/IdeasList' is clicked on

2019-04-15 14:38:42 - [MESSAGE][PASSED] - I want to go to ideas list page

2019-04-15 14:38:42 - [TEST_STEP][PASSED] - I want to click on Add New button: I want to click on Add New button

2019-04-15 14:38:43 - [MESSAGE][PASSED] - Object: 'Object Repository/PMO-Objects/Page_Project Request/Add-New-Project-Request' is clicked on

2019-04-15 14:38:43 - [MESSAGE][PASSED] - I want to click on Add New button

2019-04-15 14:38:43 - [TEST_STEP][PASSED] - I want to click send idea button: I want to click send idea button

2019-04-15 14:38:43 - [MESSAGE][WARNING] - Timeout '0' is invalid. Using default page load timeout: '30'

2019-04-15 14:38:43 - [MESSAGE][PASSED] - Scroll to object 'Object Repository/PMO-Objects/Page_Add New Project Request/CardBlock' successfully

2019-04-15 14:38:43 - [MESSAGE][PASSED] - Object: 'Object Repository/PMO-Objects/Page_Add New Project Request/SendIdeaButton' is focused

2019-04-15 14:38:43 - [MESSAGE][PASSED] - Object: 'Object Repository/PMO-Objects/Page_Add New Project Request/SendIdeaButton' is hovered

2019-04-15 14:38:43 - [MESSAGE][PASSED] - Object 'Object Repository/PMO-Objects/Page_Add New Project Request/SendIdeaButton' is clickable

2019-04-15 14:38:43 - [MESSAGE][PASSED] - Object: 'Object Repository/PMO-Objects/Page_Add New Project Request/SendIdeaButton' is clicked on

2019-04-15 14:38:43 - [MESSAGE][PASSED] - I want to click send idea button

2019-04-15 14:38:43 - [TEST_STEP][PASSED] - I want to check idea name is a manatory field: I want to check idea name is a manatory field

2019-04-15 14:38:43 - [MESSAGE][PASSED] - Object 'Object Repository/PMO-Objects/Page_Add New Project Request/IdeaNameMandatoryField' is visible

2019-04-15 14:38:43 - [MESSAGE][PASSED] - I want to check idea name is a manatory field

2019-04-15 14:38:43 - [TEST_STEP][PASSED] - I want to check start date is a manatory field: I want to check start date is a manatory field

2019-04-15 14:38:43 - [MESSAGE][PASSED] - Object 'Object Repository/PMO-Objects/Page_Add New Project Request/StartDateMandatory' is visible

2019-04-15 14:38:43 - [MESSAGE][PASSED] - I want to check start date is a manatory field

2019-04-15 14:38:43 - [TEST_STEP][PASSED] - I want to check end date is a manatory field: I want to check end date is a manatory field

2019-04-15 14:38:43 - [MESSAGE][PASSED] - Object 'Object Repository/PMO-Objects/Page_Add New Project Request/EndDateMandatory' is visible

2019-04-15 14:38:43 - [MESSAGE][PASSED] - I want to check end date is a manatory field

2019-04-15 14:38:43 - [TEST_STEP][PASSED] - I want to check idea objective is a manatory field: I want to check idea objective is a manatory field

2019-04-15 14:38:43 - [MESSAGE][PASSED] - Object 'Object Repository/PMO-Objects/Page_Add New Project Request/ObjectiveMandatory' is visible

2019-04-15 14:38:43 - [MESSAGE][PASSED] - I want to check idea objective is a manatory field

2019-04-15 14:38:43 - [TEST_STEP][PASSED] - I want to close browser: I want to close browser

2019-04-15 14:38:44 - [MESSAGE][PASSED] - Browser is closed

2019-04-15 14:38:44 - [MESSAGE][PASSED] - I want to close browser

2019-04-15 14:38:44 - [MESSAGE][PASSED] - Feature file: 'Include/features/Main-Features/006-Check-Mandatory-Fields.feature' was passed]]></system-out>
         <system-err><![CDATA[]]></system-err>
      </testcase>
      <testcase name="Test Cases/Main-Test-Cases/007-Delete-Attachemnt" classname="Test Cases/Main-Test-Cases/007-Delete-Attachemnt" status="PASSED">
         <system-out><![CDATA[2019-04-15 14:38:44 - [TEST_CASE][PASSED] - Test Cases/Main-Test-Cases/007-Delete-Attachemnt: Test Cases/Main-Test-Cases/007-Delete-Attachemnt

2019-04-15 14:38:44 - [TEST_STEP][PASSED] - runFeatureFile("Include/features/Main-Features/007-Delete-Attachment.feature"): Feature file: 'Include/features/Main-Features/007-Delete-Attachment.feature' was passed

2019-04-15 14:38:44 - [MESSAGE][INFO] - Starting run keyword runFeatureFile: 'Include/features/Main-Features/007-Delete-Attachment.feature' and extract report to folder: 'C:\Users\HP\git\PMO-Web-Application\Reports\First-Test-Suite\20190415_143604/cucumber_report/1555328324621'...

2019-04-15 14:38:44 - [TEST_CASE][PASSED] - Start Test Case : SCENARIO Delete attachment from idea form: SCENARIO Delete attachment from idea form

2019-04-15 14:38:44 - [TEST_STEP][PASSED] - I want to open browser: I want to open browser

2019-04-15 14:38:44 - [MESSAGE][INFO] - Starting 'Chrome' driver

2019-04-15 14:38:46 - [MESSAGE][PASSED] - Browser is opened with url: ''

2019-04-15 14:38:46 - [MESSAGE][PASSED] - Delete all cookies successfully

2019-04-15 14:38:46 - [MESSAGE][PASSED] - I want to open browser

2019-04-15 14:38:46 - [TEST_STEP][PASSED] - I want to maximize window: I want to maximize window

2019-04-15 14:38:47 - [MESSAGE][PASSED] - Current window maximized

2019-04-15 14:38:47 - [MESSAGE][PASSED] - I want to maximize window

2019-04-15 14:38:47 - [TEST_STEP][PASSED] - I want to go to OOB: I want to go to OOB

2019-04-15 14:39:00 - [MESSAGE][PASSED] - Navigate to 'http://pmoadmin:P@ssw0rd@dev5.cloudapp.net/OOB2/' successfully

2019-04-15 14:39:00 - [MESSAGE][PASSED] - I want to go to OOB

2019-04-15 14:39:00 - [TEST_STEP][PASSED] - I want to verify I'm in OOB main page: I want to verify I'm in OOB main page

2019-04-15 14:39:00 - [MESSAGE][WARNING] - Timeout '0' is invalid. Using default page load timeout: '30'

2019-04-15 14:39:00 - [MESSAGE][PASSED] - Object 'Object Repository/OOB-Objects/OOB-Side-Bar' is present

2019-04-15 14:39:00 - [MESSAGE][PASSED] - I want to verify I'm in OOB main page

2019-04-15 14:39:00 - [TEST_STEP][PASSED] - I want to go to ideas list page: I want to go to ideas list page

2019-04-15 14:39:08 - [MESSAGE][PASSED] - Object: 'Object Repository/OOB-Objects/IdeasList' is clicked on

2019-04-15 14:39:08 - [MESSAGE][PASSED] - I want to go to ideas list page

2019-04-15 14:39:08 - [TEST_STEP][PASSED] - I want to click on Add New button: I want to click on Add New button

2019-04-15 14:39:09 - [MESSAGE][PASSED] - Object: 'Object Repository/PMO-Objects/Page_Project Request/Add-New-Project-Request' is clicked on

2019-04-15 14:39:09 - [MESSAGE][PASSED] - I want to click on Add New button

2019-04-15 14:39:09 - [TEST_STEP][PASSED] - I want to fill idea name field: I want to fill idea name field

2019-04-15 14:39:09 - [MESSAGE][PASSED] - Text 'Automation6505' is set on object 'Object Repository/PMO-Objects/Page_Add New Project Request/Idea-Name-Field'

2019-04-15 14:39:09 - [MESSAGE][PASSED] - I want to fill idea name field

2019-04-15 14:39:09 - [TEST_STEP][PASSED] - I want to select expected start date: I want to select expected start date

2019-04-15 14:39:09 - [MESSAGE][PASSED] - Object: 'Object Repository/PMO-Objects/Page_Add New Project Request/GREGORIAN-Start-date-Check-Box' is clicked on

2019-04-15 14:39:09 - [MESSAGE][PASSED] - Object: 'Object Repository/PMO-Objects/Page_Add New Project Request/Excepted-Start-Date' is clicked on

2019-04-15 14:39:09 - [MESSAGE][PASSED] - Object: 'Object Repository/PMO-Objects/Page_Add New Project Request/Day26' is hovered

2019-04-15 14:39:09 - [MESSAGE][PASSED] - Object: 'Object Repository/PMO-Objects/Page_Add New Project Request/Day26' is clicked on

2019-04-15 14:39:09 - [MESSAGE][PASSED] - I want to select expected start date

2019-04-15 14:39:09 - [TEST_STEP][PASSED] - I want to select expected end date: I want to select expected end date

2019-04-15 14:39:09 - [MESSAGE][PASSED] - Object 'Object Repository/PMO-Objects/Page_Add New Project Request/GREGORIAN-End-Date-Check-Box' is visible

2019-04-15 14:39:10 - [MESSAGE][PASSED] - Object: 'Object Repository/PMO-Objects/Page_Add New Project Request/GREGORIAN-End-Date-Check-Box' is clicked on

2019-04-15 14:39:10 - [MESSAGE][PASSED] - Object: 'Object Repository/PMO-Objects/Page_Add New Project Request/Excpected-End-Date' is clicked on

2019-04-15 14:39:10 - [MESSAGE][PASSED] - All options with index in [4] are selected on object 'Object Repository/PMO-Objects/Page_Add New Project Request/EndDateMonthDropdown'

2019-04-15 14:39:10 - [MESSAGE][PASSED] - Object: 'Object Repository/PMO-Objects/Page_Add New Project Request/EndDateDay15' is hovered

2019-04-15 14:39:10 - [MESSAGE][PASSED] - Object: 'Object Repository/PMO-Objects/Page_Add New Project Request/EndDateDay15' is clicked on

2019-04-15 14:39:10 - [MESSAGE][PASSED] - I want to select expected end date

2019-04-15 14:39:10 - [TEST_STEP][PASSED] - I want to fill idea objective field: I want to fill idea objective field

2019-04-15 14:39:10 - [MESSAGE][PASSED] - Text 'Automation' is set on object 'Object Repository/PMO-Objects/Page_Add New Project Request/Idea-Objective-Field'

2019-04-15 14:39:10 - [MESSAGE][PASSED] - I want to fill idea objective field

2019-04-15 14:39:10 - [TEST_STEP][PASSED] - I want to fill expected budget field: I want to fill expected budget field

2019-04-15 14:39:10 - [MESSAGE][PASSED] - Text '10000' is set on object 'Object Repository/PMO-Objects/Page_Add New Project Request/Expected-Budget-Field'

2019-04-15 14:39:10 - [MESSAGE][PASSED] - I want to fill expected budget field

2019-04-15 14:39:10 - [TEST_STEP][PASSED] - I want to fill Notes field: I want to fill Notes field

2019-04-15 14:39:10 - [MESSAGE][PASSED] - Text 'test note' is set on object 'Object Repository/PMO-Objects/Page_Add New Project Request/Notes-Field'

2019-04-15 14:39:10 - [MESSAGE][PASSED] - I want to fill Notes field

2019-04-15 14:39:10 - [TEST_STEP][PASSED] - I want to click save idea button: I want to click save idea button

2019-04-15 14:39:10 - [MESSAGE][WARNING] - Timeout '0' is invalid. Using default page load timeout: '30'

2019-04-15 14:39:10 - [MESSAGE][PASSED] - Object 'Object Repository/SaveIdeaButton' is present

2019-04-15 14:39:10 - [MESSAGE][WARNING] - Timeout '0' is invalid. Using default page load timeout: '30'

2019-04-15 14:39:10 - [MESSAGE][PASSED] - Object 'Object Repository/SaveIdeaButton' is clickable

2019-04-15 14:39:10 - [MESSAGE][PASSED] - Object: 'Object Repository/SaveIdeaButton' is clicked on

2019-04-15 14:39:10 - [MESSAGE][WARNING] - Timeout '0' is invalid. Using default page load timeout: '30'

2019-04-15 14:39:10 - [MESSAGE][PASSED] - Wait for page load successfully

2019-04-15 14:39:10 - [MESSAGE][PASSED] - I want to click save idea button

2019-04-15 14:39:10 - [TEST_STEP][PASSED] - I want to wait for page load: I want to wait for page load

2019-04-15 14:39:10 - [MESSAGE][WARNING] - Timeout '0' is invalid. Using default page load timeout: '30'

2019-04-15 14:39:10 - [MESSAGE][PASSED] - Wait for page load successfully

2019-04-15 14:39:12 - [MESSAGE][PASSED] - Refresh successfully

2019-04-15 14:39:12 - [MESSAGE][PASSED] - I want to wait for page load

2019-04-15 14:39:12 - [TEST_STEP][PASSED] - I want to go to ideas list page: I want to go to ideas list page

2019-04-15 14:39:13 - [MESSAGE][PASSED] - Object: 'Object Repository/OOB-Objects/IdeasList' is clicked on

2019-04-15 14:39:13 - [MESSAGE][PASSED] - I want to go to ideas list page

2019-04-15 14:39:13 - [TEST_STEP][PASSED] - I want to search on saved idea: I want to search on saved idea

2019-04-15 14:39:13 - [MESSAGE][PASSED] - Text 'Automation6505' is set on object 'Object Repository/PMO-Objects/Page_Project Request/SearchField'

2019-04-15 14:39:14 - [MESSAGE][PASSED] - Actual text and expected text of test object 'Object Repository/PMO-Objects/Page_Project Request/SearchResult' are matched.

2019-04-15 14:39:14 - [MESSAGE][PASSED] - I want to search on saved idea

2019-04-15 14:39:14 - [TEST_STEP][PASSED] - I want to click on edit idea icon: I want to click on edit idea icon

2019-04-15 14:39:16 - [MESSAGE][PASSED] - Object: 'Object Repository/PMO-Objects/Page_Add New Project Request/EditIdea' is clicked on

2019-04-15 14:39:16 - [MESSAGE][PASSED] - I want to click on edit idea icon

2019-04-15 14:39:16 - [TEST_STEP][PASSED] - I want to add Attachment: I want to add Attachment

2019-04-15 14:39:16 - [MESSAGE][PASSED] - Object: 'Object Repository/PMO-Objects/Page_Add New Project Request/Add-New-Document-Button' is clicked on

2019-04-15 14:39:16 - [MESSAGE][WARNING] - Timeout '0' is invalid. Using default page load timeout: '30'

2019-04-15 14:39:16 - [MESSAGE][PASSED] - Scroll to object 'Object Repository/PMO-Objects/Page_Add New Project Request/Add-New-Document-Button' successfully

2019-04-15 14:39:16 - [MESSAGE][PASSED] - Text 'test1' is set on object 'Object Repository/PMO-Objects/Page_Add New Project Request/AttachmentNameField'

2019-04-15 14:39:16 - [MESSAGE][PASSED] - File 'C:\Users\HP\Desktop\download.png' sent to object: 'Object Repository/PMO-Objects/Page_Add New Project Request/Upload-File'

2019-04-15 14:39:16 - [MESSAGE][WARNING] - Timeout '0' is invalid. Using default page load timeout: '30'

2019-04-15 14:39:16 - [MESSAGE][PASSED] - Object 'Object Repository/PMO-Objects/Page_Add New Project Request/AttachedFile' is present

2019-04-15 14:39:16 - [MESSAGE][PASSED] - Object: 'Object Repository/PMO-Objects/Page_Add New Project Request/LoadButton' is clicked on

2019-04-15 14:39:16 - [MESSAGE][PASSED] - I want to add Attachment

2019-04-15 14:39:16 - [TEST_STEP][PASSED] - I want to refresh page: I want to refresh page

2019-04-15 14:39:16 - [MESSAGE][PASSED] - Refresh successfully

2019-04-15 14:39:16 - [MESSAGE][PASSED] - I want to refresh page

2019-04-15 14:39:16 - [TEST_STEP][PASSED] - I want to click save idea button: I want to click save idea button

2019-04-15 14:39:16 - [MESSAGE][WARNING] - Timeout '0' is invalid. Using default page load timeout: '30'

2019-04-15 14:39:17 - [MESSAGE][PASSED] - Object 'Object Repository/SaveIdeaButton' is present

2019-04-15 14:39:17 - [MESSAGE][WARNING] - Timeout '0' is invalid. Using default page load timeout: '30'

2019-04-15 14:39:18 - [MESSAGE][PASSED] - Object 'Object Repository/SaveIdeaButton' is clickable

2019-04-15 14:39:18 - [MESSAGE][PASSED] - Object: 'Object Repository/SaveIdeaButton' is clicked on

2019-04-15 14:39:18 - [MESSAGE][WARNING] - Timeout '0' is invalid. Using default page load timeout: '30'

2019-04-15 14:39:18 - [MESSAGE][PASSED] - Wait for page load successfully

2019-04-15 14:39:18 - [MESSAGE][PASSED] - I want to click save idea button

2019-04-15 14:39:18 - [TEST_STEP][PASSED] - I want to delete attachment: I want to delete attachment

2019-04-15 14:39:18 - [MESSAGE][PASSED] - Refresh successfully

2019-04-15 14:39:18 - [MESSAGE][WARNING] - Timeout '0' is invalid. Using default page load timeout: '30'

2019-04-15 14:39:19 - [MESSAGE][PASSED] - Scroll to object 'Object Repository/PMO-Objects/Page_Add New Project Request/Add-New-Document-Button' successfully

2019-04-15 14:39:19 - [MESSAGE][PASSED] - Object: 'Object Repository/PMO-Objects/Page_Add New Project Request/DeleteAttachment' is hovered

2019-04-15 14:39:19 - [MESSAGE][PASSED] - Object: 'Object Repository/PMO-Objects/Page_Add New Project Request/DeleteAttachment' is clicked on

2019-04-15 14:39:19 - [MESSAGE][PASSED] - Alert accepted

2019-04-15 14:39:19 - [MESSAGE][PASSED] - I want to delete attachment

2019-04-15 14:39:19 - [TEST_STEP][PASSED] - I want to verify document removed: I want to verify document removed

2019-04-15 14:39:19 - [MESSAGE][WARNING] - Timeout '0' is invalid. Using default page load timeout: '30'

2019-04-15 14:39:20 - [MESSAGE][PASSED] - Web element with id: 'Object Repository/PMO-Objects/Page_Add New Project Request/UploadedDocument' located by 'By.xpath: //*[@id='tblProjectDocuments']/tbody/tr' is not present after '30' second(s)

2019-04-15 14:39:20 - [MESSAGE][PASSED] - I want to verify document removed

2019-04-15 14:39:20 - [TEST_STEP][PASSED] - I want to close browser: I want to close browser

2019-04-15 14:39:21 - [MESSAGE][PASSED] - Browser is closed

2019-04-15 14:39:21 - [MESSAGE][PASSED] - I want to close browser

2019-04-15 14:39:21 - [MESSAGE][PASSED] - Feature file: 'Include/features/Main-Features/007-Delete-Attachment.feature' was passed]]></system-out>
         <system-err><![CDATA[]]></system-err>
      </testcase>
      <testcase name="Test Cases/Main-Test-Cases/008-Verify-Uploading-Attachment-with-Duplicate-Name" classname="Test Cases/Main-Test-Cases/008-Verify-Uploading-Attachment-with-Duplicate-Name" status="PASSED">
         <system-out><![CDATA[2019-04-15 14:39:21 - [TEST_CASE][PASSED] - Test Cases/Main-Test-Cases/008-Verify-Uploading-Attachment-with-Duplicate-Name: Test Cases/Main-Test-Cases/008-Verify-Uploading-Attachment-with-Duplicate-Name

2019-04-15 14:39:21 - [TEST_STEP][PASSED] - runFeatureFile("Include/features/Main-Features/008-Verify-Uploading-Attachment-with-Duplicate-Name.feature"): Feature file: 'Include/features/Main-Features/008-Verify-Uploading-Attachment-with-Duplicate-Name.feature' was passed

2019-04-15 14:39:21 - [MESSAGE][INFO] - Starting run keyword runFeatureFile: 'Include/features/Main-Features/008-Verify-Uploading-Attachment-with-Duplicate-Name.feature' and extract report to folder: 'C:\Users\HP\git\PMO-Web-Application\Reports\First-Test-Suite\20190415_143604/cucumber_report/1555328361262'...

2019-04-15 14:39:21 - [TEST_CASE][PASSED] - Start Test Case : SCENARIO Verify that user unable to upload attachment with duplicate name: SCENARIO Verify that user unable to upload attachment with duplicate name

2019-04-15 14:39:21 - [TEST_STEP][PASSED] - I want to open browser: I want to open browser

2019-04-15 14:39:21 - [MESSAGE][INFO] - Starting 'Chrome' driver

2019-04-15 14:39:23 - [MESSAGE][PASSED] - Browser is opened with url: ''

2019-04-15 14:39:23 - [MESSAGE][PASSED] - Delete all cookies successfully

2019-04-15 14:39:23 - [MESSAGE][PASSED] - I want to open browser

2019-04-15 14:39:23 - [TEST_STEP][PASSED] - I want to maximize window: I want to maximize window

2019-04-15 14:39:24 - [MESSAGE][PASSED] - Current window maximized

2019-04-15 14:39:24 - [MESSAGE][PASSED] - I want to maximize window

2019-04-15 14:39:24 - [TEST_STEP][PASSED] - I want to go to OOB: I want to go to OOB

2019-04-15 14:39:35 - [MESSAGE][PASSED] - Navigate to 'http://pmoadmin:P@ssw0rd@dev5.cloudapp.net/OOB2/' successfully

2019-04-15 14:39:35 - [MESSAGE][PASSED] - I want to go to OOB

2019-04-15 14:39:35 - [TEST_STEP][PASSED] - I want to verify I'm in OOB main page: I want to verify I'm in OOB main page

2019-04-15 14:39:35 - [MESSAGE][WARNING] - Timeout '0' is invalid. Using default page load timeout: '30'

2019-04-15 14:39:35 - [MESSAGE][PASSED] - Object 'Object Repository/OOB-Objects/OOB-Side-Bar' is present

2019-04-15 14:39:35 - [MESSAGE][PASSED] - I want to verify I'm in OOB main page

2019-04-15 14:39:35 - [TEST_STEP][PASSED] - I want to go to ideas list page: I want to go to ideas list page

2019-04-15 14:39:44 - [MESSAGE][PASSED] - Object: 'Object Repository/OOB-Objects/IdeasList' is clicked on

2019-04-15 14:39:44 - [MESSAGE][PASSED] - I want to go to ideas list page

2019-04-15 14:39:44 - [TEST_STEP][PASSED] - I want to click on Add New button: I want to click on Add New button

2019-04-15 14:39:46 - [MESSAGE][PASSED] - Object: 'Object Repository/PMO-Objects/Page_Project Request/Add-New-Project-Request' is clicked on

2019-04-15 14:39:46 - [MESSAGE][PASSED] - I want to click on Add New button

2019-04-15 14:39:46 - [TEST_STEP][PASSED] - I want to add Attachment: I want to add Attachment

2019-04-15 14:39:46 - [MESSAGE][PASSED] - Object: 'Object Repository/PMO-Objects/Page_Add New Project Request/Add-New-Document-Button' is clicked on

2019-04-15 14:39:46 - [MESSAGE][WARNING] - Timeout '0' is invalid. Using default page load timeout: '30'

2019-04-15 14:39:46 - [MESSAGE][PASSED] - Scroll to object 'Object Repository/PMO-Objects/Page_Add New Project Request/Add-New-Document-Button' successfully

2019-04-15 14:39:46 - [MESSAGE][PASSED] - Text 'test1' is set on object 'Object Repository/PMO-Objects/Page_Add New Project Request/AttachmentNameField'

2019-04-15 14:39:46 - [MESSAGE][PASSED] - File 'C:\Users\HP\Desktop\download.png' sent to object: 'Object Repository/PMO-Objects/Page_Add New Project Request/Upload-File'

2019-04-15 14:39:46 - [MESSAGE][WARNING] - Timeout '0' is invalid. Using default page load timeout: '30'

2019-04-15 14:39:46 - [MESSAGE][PASSED] - Object 'Object Repository/PMO-Objects/Page_Add New Project Request/AttachedFile' is present

2019-04-15 14:39:46 - [MESSAGE][PASSED] - Object: 'Object Repository/PMO-Objects/Page_Add New Project Request/LoadButton' is clicked on

2019-04-15 14:39:46 - [MESSAGE][PASSED] - I want to add Attachment

2019-04-15 14:39:46 - [TEST_STEP][PASSED] - I want to verify document uploaded: I want to verify document uploaded

2019-04-15 14:39:46 - [MESSAGE][WARNING] - Timeout '0' is invalid. Using default page load timeout: '30'

2019-04-15 14:39:47 - [MESSAGE][PASSED] - Object 'Object Repository/PMO-Objects/Page_Add New Project Request/UploadedDocument' is present

2019-04-15 14:39:47 - [MESSAGE][PASSED] - I want to verify document uploaded

2019-04-15 14:39:47 - [TEST_STEP][PASSED] - I want to refresh page: I want to refresh page

2019-04-15 14:39:48 - [MESSAGE][PASSED] - Refresh successfully

2019-04-15 14:39:48 - [MESSAGE][PASSED] - I want to refresh page

2019-04-15 14:39:48 - [TEST_STEP][PASSED] - I want to add Attachment: I want to add Attachment

2019-04-15 14:39:48 - [MESSAGE][PASSED] - Object: 'Object Repository/PMO-Objects/Page_Add New Project Request/Add-New-Document-Button' is clicked on

2019-04-15 14:39:48 - [MESSAGE][WARNING] - Timeout '0' is invalid. Using default page load timeout: '30'

2019-04-15 14:39:49 - [MESSAGE][PASSED] - Scroll to object 'Object Repository/PMO-Objects/Page_Add New Project Request/Add-New-Document-Button' successfully

2019-04-15 14:39:49 - [MESSAGE][PASSED] - Text 'test1' is set on object 'Object Repository/PMO-Objects/Page_Add New Project Request/AttachmentNameField'

2019-04-15 14:39:49 - [MESSAGE][PASSED] - File 'C:\Users\HP\Desktop\download.png' sent to object: 'Object Repository/PMO-Objects/Page_Add New Project Request/Upload-File'

2019-04-15 14:39:49 - [MESSAGE][WARNING] - Timeout '0' is invalid. Using default page load timeout: '30'

2019-04-15 14:39:49 - [MESSAGE][PASSED] - Object 'Object Repository/PMO-Objects/Page_Add New Project Request/AttachedFile' is present

2019-04-15 14:39:49 - [MESSAGE][PASSED] - Object: 'Object Repository/PMO-Objects/Page_Add New Project Request/LoadButton' is clicked on

2019-04-15 14:39:49 - [MESSAGE][PASSED] - I want to add Attachment

2019-04-15 14:39:49 - [TEST_STEP][PASSED] - I want to verify Attachment with already existed name not added: I want to verify Attachment with already existed name not added

2019-04-15 14:39:49 - [MESSAGE][PASSED] - Object 'Object Repository/PMO-Objects/Page_Add New Project Request/AttachmentNameField' is visible

2019-04-15 14:39:49 - [MESSAGE][PASSED] - I want to verify Attachment with already existed name not added

2019-04-15 14:39:49 - [MESSAGE][PASSED] - Feature file: 'Include/features/Main-Features/008-Verify-Uploading-Attachment-with-Duplicate-Name.feature' was passed]]></system-out>
         <system-err><![CDATA[]]></system-err>
      </testcase>
      <testcase name="Test Cases/Main-Test-Cases/009-Upload-Large-Size-Attachment" classname="Test Cases/Main-Test-Cases/009-Upload-Large-Size-Attachment" status="PASSED">
         <system-out><![CDATA[2019-04-15 14:39:49 - [TEST_CASE][PASSED] - Test Cases/Main-Test-Cases/009-Upload-Large-Size-Attachment: Test Cases/Main-Test-Cases/009-Upload-Large-Size-Attachment

2019-04-15 14:39:49 - [TEST_STEP][PASSED] - runFeatureFile("Include/features/Main-Features/009-Upload-Large-Size-Attachment.feature"): Feature file: 'Include/features/Main-Features/009-Upload-Large-Size-Attachment.feature' was passed

2019-04-15 14:39:49 - [MESSAGE][INFO] - Starting run keyword runFeatureFile: 'Include/features/Main-Features/009-Upload-Large-Size-Attachment.feature' and extract report to folder: 'C:\Users\HP\git\PMO-Web-Application\Reports\First-Test-Suite\20190415_143604/cucumber_report/1555328389883'...

2019-04-15 14:39:49 - [TEST_CASE][PASSED] - Start Test Case : SCENARIO Verify that user unable to upload attachment with duplicate name: SCENARIO Verify that user unable to upload attachment with duplicate name

2019-04-15 14:39:49 - [TEST_STEP][PASSED] - I want to open browser: I want to open browser

2019-04-15 14:39:49 - [MESSAGE][WARNING] - A browser is already opened. Closing browser and opening a new one

2019-04-15 14:39:50 - [MESSAGE][INFO] - Starting 'Chrome' driver

2019-04-15 14:39:52 - [MESSAGE][PASSED] - Browser is opened with url: ''

2019-04-15 14:39:52 - [MESSAGE][PASSED] - Delete all cookies successfully

2019-04-15 14:39:52 - [MESSAGE][PASSED] - I want to open browser

2019-04-15 14:39:52 - [TEST_STEP][PASSED] - I want to maximize window: I want to maximize window

2019-04-15 14:39:53 - [MESSAGE][PASSED] - Current window maximized

2019-04-15 14:39:53 - [MESSAGE][PASSED] - I want to maximize window

2019-04-15 14:39:53 - [TEST_STEP][PASSED] - I want to go to OOB: I want to go to OOB

2019-04-15 14:40:05 - [MESSAGE][PASSED] - Navigate to 'http://pmoadmin:P@ssw0rd@dev5.cloudapp.net/OOB2/' successfully

2019-04-15 14:40:05 - [MESSAGE][PASSED] - I want to go to OOB

2019-04-15 14:40:05 - [TEST_STEP][PASSED] - I want to verify I'm in OOB main page: I want to verify I'm in OOB main page

2019-04-15 14:40:05 - [MESSAGE][WARNING] - Timeout '0' is invalid. Using default page load timeout: '30'

2019-04-15 14:40:05 - [MESSAGE][PASSED] - Object 'Object Repository/OOB-Objects/OOB-Side-Bar' is present

2019-04-15 14:40:05 - [MESSAGE][PASSED] - I want to verify I'm in OOB main page

2019-04-15 14:40:05 - [TEST_STEP][PASSED] - I want to go to ideas list page: I want to go to ideas list page

2019-04-15 14:40:12 - [MESSAGE][PASSED] - Object: 'Object Repository/OOB-Objects/IdeasList' is clicked on

2019-04-15 14:40:12 - [MESSAGE][PASSED] - I want to go to ideas list page

2019-04-15 14:40:12 - [TEST_STEP][PASSED] - I want to click on Add New button: I want to click on Add New button

2019-04-15 14:40:13 - [MESSAGE][PASSED] - Object: 'Object Repository/PMO-Objects/Page_Project Request/Add-New-Project-Request' is clicked on

2019-04-15 14:40:13 - [MESSAGE][PASSED] - I want to click on Add New button

2019-04-15 14:40:13 - [TEST_STEP][PASSED] - I want to add large file as Attachment: I want to add large file as Attachment

2019-04-15 14:40:13 - [MESSAGE][PASSED] - Object: 'Object Repository/PMO-Objects/Page_Add New Project Request/Add-New-Document-Button' is clicked on

2019-04-15 14:40:13 - [MESSAGE][WARNING] - Timeout '0' is invalid. Using default page load timeout: '30'

2019-04-15 14:40:13 - [MESSAGE][PASSED] - Scroll to object 'Object Repository/PMO-Objects/Page_Add New Project Request/Add-New-Document-Button' successfully

2019-04-15 14:40:13 - [MESSAGE][PASSED] - Text 'test1' is set on object 'Object Repository/PMO-Objects/Page_Add New Project Request/AttachmentNameField'

2019-04-15 14:40:13 - [MESSAGE][PASSED] - File 'C:\Users\HP\Desktop\Automation book Mitsubishi.pdf' sent to object: 'Object Repository/PMO-Objects/Page_Add New Project Request/Upload-File'

2019-04-15 14:40:13 - [MESSAGE][PASSED] - I want to add large file as Attachment

2019-04-15 14:40:13 - [TEST_STEP][PASSED] - I want to check large file error message: I want to check large file error message

2019-04-15 14:40:13 - [MESSAGE][PASSED] - Actual text and expected text of test object 'Object Repository/PMO-Objects/Page_Add New Project Request/ErrorMessage' are matched.

2019-04-15 14:40:13 - [MESSAGE][PASSED] - I want to check large file error message

2019-04-15 14:40:13 - [TEST_STEP][PASSED] - I want to verify Attachment not added: I want to verify Attachment not added

2019-04-15 14:40:13 - [MESSAGE][WARNING] - Timeout '0' is invalid. Using default page load timeout: '30'

2019-04-15 14:40:13 - [MESSAGE][PASSED] - Web element with id: 'Object Repository/PMO-Objects/Page_Add New Project Request/AttachedFile' located by 'By.xpath: //*[@id='AttachmentPath_attachement_div']/div[2]/a' is not present after '30' second(s)

2019-04-15 14:40:13 - [MESSAGE][PASSED] - I want to verify Attachment not added

2019-04-15 14:40:13 - [TEST_STEP][PASSED] - I want to close browser: I want to close browser

2019-04-15 14:40:14 - [MESSAGE][PASSED] - Browser is closed

2019-04-15 14:40:14 - [MESSAGE][PASSED] - I want to close browser

2019-04-15 14:40:14 - [MESSAGE][PASSED] - Feature file: 'Include/features/Main-Features/009-Upload-Large-Size-Attachment.feature' was passed]]></system-out>
         <system-err><![CDATA[]]></system-err>
      </testcase>
      <testcase name="Test Cases/Main-Test-Cases/010-Upload-Invalid-Format-Attachment" classname="Test Cases/Main-Test-Cases/010-Upload-Invalid-Format-Attachment" status="PASSED">
         <system-out><![CDATA[2019-04-15 14:40:14 - [TEST_CASE][PASSED] - Test Cases/Main-Test-Cases/010-Upload-Invalid-Format-Attachment: Test Cases/Main-Test-Cases/010-Upload-Invalid-Format-Attachment

2019-04-15 14:40:14 - [TEST_STEP][PASSED] - runFeatureFile("Include/features/Main-Features/010-Upload-Invalid-Format-Attachment.feature"): Feature file: 'Include/features/Main-Features/010-Upload-Invalid-Format-Attachment.feature' was passed

2019-04-15 14:40:14 - [MESSAGE][INFO] - Starting run keyword runFeatureFile: 'Include/features/Main-Features/010-Upload-Invalid-Format-Attachment.feature' and extract report to folder: 'C:\Users\HP\git\PMO-Web-Application\Reports\First-Test-Suite\20190415_143604/cucumber_report/1555328414261'...

2019-04-15 14:40:14 - [TEST_CASE][PASSED] - Start Test Case : SCENARIO Verify that user unable to upload invalid foemat attachment: SCENARIO Verify that user unable to upload invalid foemat attachment

2019-04-15 14:40:14 - [TEST_STEP][PASSED] - I want to open browser: I want to open browser

2019-04-15 14:40:14 - [MESSAGE][INFO] - Starting 'Chrome' driver

2019-04-15 14:40:16 - [MESSAGE][PASSED] - Browser is opened with url: ''

2019-04-15 14:40:16 - [MESSAGE][PASSED] - Delete all cookies successfully

2019-04-15 14:40:16 - [MESSAGE][PASSED] - I want to open browser

2019-04-15 14:40:16 - [TEST_STEP][PASSED] - I want to maximize window: I want to maximize window

2019-04-15 14:40:17 - [MESSAGE][PASSED] - Current window maximized

2019-04-15 14:40:17 - [MESSAGE][PASSED] - I want to maximize window

2019-04-15 14:40:17 - [TEST_STEP][PASSED] - I want to go to OOB: I want to go to OOB

2019-04-15 14:40:26 - [MESSAGE][PASSED] - Navigate to 'http://pmoadmin:P@ssw0rd@dev5.cloudapp.net/OOB2/' successfully

2019-04-15 14:40:26 - [MESSAGE][PASSED] - I want to go to OOB

2019-04-15 14:40:26 - [TEST_STEP][PASSED] - I want to verify I'm in OOB main page: I want to verify I'm in OOB main page

2019-04-15 14:40:26 - [MESSAGE][WARNING] - Timeout '0' is invalid. Using default page load timeout: '30'

2019-04-15 14:40:26 - [MESSAGE][PASSED] - Object 'Object Repository/OOB-Objects/OOB-Side-Bar' is present

2019-04-15 14:40:26 - [MESSAGE][PASSED] - I want to verify I'm in OOB main page

2019-04-15 14:40:26 - [TEST_STEP][PASSED] - I want to go to ideas list page: I want to go to ideas list page

2019-04-15 14:40:31 - [MESSAGE][PASSED] - Object: 'Object Repository/OOB-Objects/IdeasList' is clicked on

2019-04-15 14:40:31 - [MESSAGE][PASSED] - I want to go to ideas list page

2019-04-15 14:40:31 - [TEST_STEP][PASSED] - I want to click on Add New button: I want to click on Add New button

2019-04-15 14:40:32 - [MESSAGE][PASSED] - Object: 'Object Repository/PMO-Objects/Page_Project Request/Add-New-Project-Request' is clicked on

2019-04-15 14:40:32 - [MESSAGE][PASSED] - I want to click on Add New button

2019-04-15 14:40:32 - [TEST_STEP][PASSED] - I want to add invalid format Attachment: I want to add invalid format Attachment

2019-04-15 14:40:32 - [MESSAGE][PASSED] - Object: 'Object Repository/PMO-Objects/Page_Add New Project Request/Add-New-Document-Button' is clicked on

2019-04-15 14:40:32 - [MESSAGE][WARNING] - Timeout '0' is invalid. Using default page load timeout: '30'

2019-04-15 14:40:32 - [MESSAGE][PASSED] - Scroll to object 'Object Repository/PMO-Objects/Page_Add New Project Request/Add-New-Document-Button' successfully

2019-04-15 14:40:32 - [MESSAGE][PASSED] - Text 'Test Attachment' is set on object 'Object Repository/PMO-Objects/Page_Add New Project Request/AttachmentNameField'

2019-04-15 14:40:32 - [MESSAGE][PASSED] - File 'C:\Users\HP\Desktop\chromedriver.exe' sent to object: 'Object Repository/PMO-Objects/Page_Add New Project Request/Upload-File'

2019-04-15 14:40:32 - [MESSAGE][PASSED] - I want to add invalid format Attachment

2019-04-15 14:40:32 - [TEST_STEP][PASSED] - I want to verify Attachment not added: I want to verify Attachment not added

2019-04-15 14:40:32 - [MESSAGE][WARNING] - Timeout '0' is invalid. Using default page load timeout: '30'

2019-04-15 14:40:32 - [MESSAGE][PASSED] - Web element with id: 'Object Repository/PMO-Objects/Page_Add New Project Request/AttachedFile' located by 'By.xpath: //*[@id='AttachmentPath_attachement_div']/div[2]/a' is not present after '30' second(s)

2019-04-15 14:40:32 - [MESSAGE][PASSED] - I want to verify Attachment not added

2019-04-15 14:40:32 - [TEST_STEP][PASSED] - I want to close browser: I want to close browser

2019-04-15 14:40:33 - [MESSAGE][PASSED] - Browser is closed

2019-04-15 14:40:33 - [MESSAGE][PASSED] - I want to close browser

2019-04-15 14:40:33 - [MESSAGE][PASSED] - Feature file: 'Include/features/Main-Features/010-Upload-Invalid-Format-Attachment.feature' was passed]]></system-out>
         <system-err><![CDATA[]]></system-err>
      </testcase>
      <testcase name="Test Cases/Main-Test-Cases/011-Verify-Clicking-Load-With-No-Attachment" classname="Test Cases/Main-Test-Cases/011-Verify-Clicking-Load-With-No-Attachment" status="PASSED">
         <system-out><![CDATA[2019-04-15 14:40:33 - [TEST_CASE][PASSED] - Test Cases/Main-Test-Cases/011-Verify-Clicking-Load-With-No-Attachment: Test Cases/Main-Test-Cases/011-Verify-Clicking-Load-With-No-Attachment

2019-04-15 14:40:33 - [TEST_STEP][PASSED] - runFeatureFile("Include/features/Main-Features/011-Verify-Clicking-Load-With-No-Attachment.feature"): Feature file: 'Include/features/Main-Features/011-Verify-Clicking-Load-With-No-Attachment.feature' was passed

2019-04-15 14:40:33 - [MESSAGE][INFO] - Starting run keyword runFeatureFile: 'Include/features/Main-Features/011-Verify-Clicking-Load-With-No-Attachment.feature' and extract report to folder: 'C:\Users\HP\git\PMO-Web-Application\Reports\First-Test-Suite\20190415_143604/cucumber_report/1555328433216'...

2019-04-15 14:40:33 - [TEST_CASE][PASSED] - Start Test Case : SCENARIO Verify that choose file error message displays after clicking Load button without choosing attachment: SCENARIO Verify that choose file error message displays after clicking Load button without choosing attachment

2019-04-15 14:40:33 - [TEST_STEP][PASSED] - I want to open browser: I want to open browser

2019-04-15 14:40:33 - [MESSAGE][INFO] - Starting 'Chrome' driver

2019-04-15 14:40:35 - [MESSAGE][PASSED] - Browser is opened with url: ''

2019-04-15 14:40:35 - [MESSAGE][PASSED] - Delete all cookies successfully

2019-04-15 14:40:35 - [MESSAGE][PASSED] - I want to open browser

2019-04-15 14:40:35 - [TEST_STEP][PASSED] - I want to maximize window: I want to maximize window

2019-04-15 14:40:36 - [MESSAGE][PASSED] - Current window maximized

2019-04-15 14:40:36 - [MESSAGE][PASSED] - I want to maximize window

2019-04-15 14:40:36 - [TEST_STEP][PASSED] - I want to go to OOB: I want to go to OOB

2019-04-15 14:40:44 - [MESSAGE][PASSED] - Navigate to 'http://pmoadmin:P@ssw0rd@dev5.cloudapp.net/OOB2/' successfully

2019-04-15 14:40:44 - [MESSAGE][PASSED] - I want to go to OOB

2019-04-15 14:40:44 - [TEST_STEP][PASSED] - I want to verify I'm in OOB main page: I want to verify I'm in OOB main page

2019-04-15 14:40:44 - [MESSAGE][WARNING] - Timeout '0' is invalid. Using default page load timeout: '30'

2019-04-15 14:40:44 - [MESSAGE][PASSED] - Object 'Object Repository/OOB-Objects/OOB-Side-Bar' is present

2019-04-15 14:40:44 - [MESSAGE][PASSED] - I want to verify I'm in OOB main page

2019-04-15 14:40:44 - [TEST_STEP][PASSED] - I want to go to ideas list page: I want to go to ideas list page

2019-04-15 14:40:53 - [MESSAGE][PASSED] - Object: 'Object Repository/OOB-Objects/IdeasList' is clicked on

2019-04-15 14:40:53 - [MESSAGE][PASSED] - I want to go to ideas list page

2019-04-15 14:40:53 - [TEST_STEP][PASSED] - I want to click on Add New button: I want to click on Add New button

2019-04-15 14:40:56 - [MESSAGE][PASSED] - Object: 'Object Repository/PMO-Objects/Page_Project Request/Add-New-Project-Request' is clicked on

2019-04-15 14:40:56 - [MESSAGE][PASSED] - I want to click on Add New button

2019-04-15 14:40:56 - [TEST_STEP][PASSED] - I want to click Add New Doc button: I want to click Add New Doc button

2019-04-15 14:40:56 - [MESSAGE][PASSED] - Object: 'Object Repository/PMO-Objects/Page_Add New Project Request/Add-New-Document-Button' is clicked on

2019-04-15 14:40:56 - [MESSAGE][WARNING] - Timeout '0' is invalid. Using default page load timeout: '30'

2019-04-15 14:40:56 - [MESSAGE][PASSED] - Scroll to object 'Object Repository/PMO-Objects/Page_Add New Project Request/Add-New-Document-Button' successfully

2019-04-15 14:40:56 - [MESSAGE][PASSED] - I want to click Add New Doc button

2019-04-15 14:40:56 - [TEST_STEP][PASSED] - I want to click Load button: I want to click Load button

2019-04-15 14:40:56 - [MESSAGE][PASSED] - Object: 'Object Repository/PMO-Objects/Page_Add New Project Request/LoadButton' is clicked on

2019-04-15 14:40:56 - [MESSAGE][PASSED] - I want to click Load button

2019-04-15 14:40:56 - [TEST_STEP][PASSED] - I want to check choose file error message: I want to check choose file error message

2019-04-15 14:40:56 - [MESSAGE][PASSED] - Actual text and expected text of test object 'Object Repository/PMO-Objects/Page_Add New Project Request/ErrorMessage' are matched.

2019-04-15 14:40:56 - [MESSAGE][PASSED] - I want to check choose file error message

2019-04-15 14:40:56 - [TEST_STEP][PASSED] - I want to verify Attachment not added: I want to verify Attachment not added

2019-04-15 14:40:56 - [MESSAGE][WARNING] - Timeout '0' is invalid. Using default page load timeout: '30'

2019-04-15 14:40:56 - [MESSAGE][PASSED] - Web element with id: 'Object Repository/PMO-Objects/Page_Add New Project Request/AttachedFile' located by 'By.xpath: //*[@id='AttachmentPath_attachement_div']/div[2]/a' is not present after '30' second(s)

2019-04-15 14:40:56 - [MESSAGE][PASSED] - I want to verify Attachment not added

2019-04-15 14:40:56 - [TEST_STEP][PASSED] - I want to close browser: I want to close browser

2019-04-15 14:40:57 - [MESSAGE][PASSED] - Browser is closed

2019-04-15 14:40:57 - [MESSAGE][PASSED] - I want to close browser

2019-04-15 14:40:57 - [MESSAGE][PASSED] - Feature file: 'Include/features/Main-Features/011-Verify-Clicking-Load-With-No-Attachment.feature' was passed]]></system-out>
         <system-err><![CDATA[]]></system-err>
      </testcase>
      <testcase name="Test Cases/Main-Test-Cases/012-Start-Date-Greater-Than-End-Date" classname="Test Cases/Main-Test-Cases/012-Start-Date-Greater-Than-End-Date" status="PASSED">
         <system-out><![CDATA[2019-04-15 14:40:57 - [TEST_CASE][PASSED] - Test Cases/Main-Test-Cases/012-Start-Date-Greater-Than-End-Date: Test Cases/Main-Test-Cases/012-Start-Date-Greater-Than-End-Date

2019-04-15 14:40:57 - [TEST_STEP][PASSED] - runFeatureFile("Include/features/Main-Features/012-Start-Date-Greater-Than-End-Date.feature"): Feature file: 'Include/features/Main-Features/012-Start-Date-Greater-Than-End-Date.feature' was passed

2019-04-15 14:40:57 - [MESSAGE][INFO] - Starting run keyword runFeatureFile: 'Include/features/Main-Features/012-Start-Date-Greater-Than-End-Date.feature' and extract report to folder: 'C:\Users\HP\git\PMO-Web-Application\Reports\First-Test-Suite\20190415_143604/cucumber_report/1555328457582'...

2019-04-15 14:40:57 - [TEST_CASE][PASSED] - Start Test Case : SCENARIO Check start date greater than end date error message: SCENARIO Check start date greater than end date error message

2019-04-15 14:40:57 - [TEST_STEP][PASSED] - I want to open browser: I want to open browser

2019-04-15 14:40:57 - [MESSAGE][INFO] - Starting 'Chrome' driver

2019-04-15 14:40:59 - [MESSAGE][PASSED] - Browser is opened with url: ''

2019-04-15 14:40:59 - [MESSAGE][PASSED] - Delete all cookies successfully

2019-04-15 14:40:59 - [MESSAGE][PASSED] - I want to open browser

2019-04-15 14:40:59 - [TEST_STEP][PASSED] - I want to maximize window: I want to maximize window

2019-04-15 14:41:00 - [MESSAGE][PASSED] - Current window maximized

2019-04-15 14:41:00 - [MESSAGE][PASSED] - I want to maximize window

2019-04-15 14:41:00 - [TEST_STEP][PASSED] - I want to go to OOB: I want to go to OOB

2019-04-15 14:41:09 - [MESSAGE][PASSED] - Navigate to 'http://pmoadmin:P@ssw0rd@dev5.cloudapp.net/OOB2/' successfully

2019-04-15 14:41:09 - [MESSAGE][PASSED] - I want to go to OOB

2019-04-15 14:41:09 - [TEST_STEP][PASSED] - I want to verify I'm in OOB main page: I want to verify I'm in OOB main page

2019-04-15 14:41:09 - [MESSAGE][WARNING] - Timeout '0' is invalid. Using default page load timeout: '30'

2019-04-15 14:41:09 - [MESSAGE][PASSED] - Object 'Object Repository/OOB-Objects/OOB-Side-Bar' is present

2019-04-15 14:41:09 - [MESSAGE][PASSED] - I want to verify I'm in OOB main page

2019-04-15 14:41:09 - [TEST_STEP][PASSED] - I want to go to ideas list page: I want to go to ideas list page

2019-04-15 14:41:15 - [MESSAGE][PASSED] - Object: 'Object Repository/OOB-Objects/IdeasList' is clicked on

2019-04-15 14:41:15 - [MESSAGE][PASSED] - I want to go to ideas list page

2019-04-15 14:41:15 - [TEST_STEP][PASSED] - I want to click on Add New button: I want to click on Add New button

2019-04-15 14:41:16 - [MESSAGE][PASSED] - Object: 'Object Repository/PMO-Objects/Page_Project Request/Add-New-Project-Request' is clicked on

2019-04-15 14:41:16 - [MESSAGE][PASSED] - I want to click on Add New button

2019-04-15 14:41:16 - [TEST_STEP][PASSED] - I want to fill idea name field: I want to fill idea name field

2019-04-15 14:41:16 - [MESSAGE][PASSED] - Text 'Automation1146' is set on object 'Object Repository/PMO-Objects/Page_Add New Project Request/Idea-Name-Field'

2019-04-15 14:41:16 - [MESSAGE][PASSED] - I want to fill idea name field

2019-04-15 14:41:16 - [TEST_STEP][PASSED] - I want to select start date greater than end date: I want to select start date greater than end date

2019-04-15 14:41:16 - [MESSAGE][PASSED] - Object: 'Object Repository/PMO-Objects/Page_Add New Project Request/GREGORIAN-Start-date-Check-Box' is clicked on

2019-04-15 14:41:16 - [MESSAGE][PASSED] - Object: 'Object Repository/PMO-Objects/Page_Add New Project Request/Excepted-Start-Date' is clicked on

2019-04-15 14:41:16 - [MESSAGE][PASSED] - All options with index in [7] are selected on object 'Object Repository/PMO-Objects/Page_Add New Project Request/StartDateMonthDropDwon'

2019-04-15 14:41:16 - [MESSAGE][PASSED] - Object: 'Object Repository/PMO-Objects/Page_Add New Project Request/Day26' is hovered

2019-04-15 14:41:16 - [MESSAGE][PASSED] - Object: 'Object Repository/PMO-Objects/Page_Add New Project Request/Day26' is clicked on

2019-04-15 14:41:16 - [MESSAGE][PASSED] - Object 'Object Repository/PMO-Objects/Page_Add New Project Request/GREGORIAN-End-Date-Check-Box' is visible

2019-04-15 14:41:17 - [MESSAGE][PASSED] - Object: 'Object Repository/PMO-Objects/Page_Add New Project Request/GREGORIAN-End-Date-Check-Box' is clicked on

2019-04-15 14:41:22 - [MESSAGE][PASSED] - Delayed 5 second(s)

2019-04-15 14:41:22 - [MESSAGE][PASSED] - Object: 'Object Repository/PMO-Objects/Page_Add New Project Request/Excpected-End-Date' is hovered

2019-04-15 14:41:22 - [MESSAGE][PASSED] - Object: 'Object Repository/PMO-Objects/Page_Add New Project Request/Excpected-End-Date' is clicked on

2019-04-15 14:41:22 - [MESSAGE][PASSED] - All options with index in [4] are selected on object 'Object Repository/PMO-Objects/Page_Add New Project Request/EndDateMonthDropdown'

2019-04-15 14:41:22 - [MESSAGE][PASSED] - Object: 'Object Repository/PMO-Objects/Page_Add New Project Request/EndDateDay15' is hovered

2019-04-15 14:41:22 - [MESSAGE][PASSED] - Object: 'Object Repository/PMO-Objects/Page_Add New Project Request/EndDateDay15' is clicked on

2019-04-15 14:41:22 - [MESSAGE][PASSED] - I want to select start date greater than end date

2019-04-15 14:41:22 - [TEST_STEP][PASSED] - I want to fill idea objective field: I want to fill idea objective field

2019-04-15 14:41:22 - [MESSAGE][PASSED] - Text 'Automation' is set on object 'Object Repository/PMO-Objects/Page_Add New Project Request/Idea-Objective-Field'

2019-04-15 14:41:22 - [MESSAGE][PASSED] - I want to fill idea objective field

2019-04-15 14:41:22 - [TEST_STEP][PASSED] - I want to fill expected budget field: I want to fill expected budget field

2019-04-15 14:41:22 - [MESSAGE][PASSED] - Text '10000' is set on object 'Object Repository/PMO-Objects/Page_Add New Project Request/Expected-Budget-Field'

2019-04-15 14:41:22 - [MESSAGE][PASSED] - I want to fill expected budget field

2019-04-15 14:41:22 - [TEST_STEP][PASSED] - I want to fill Notes field: I want to fill Notes field

2019-04-15 14:41:22 - [MESSAGE][PASSED] - Text 'test note' is set on object 'Object Repository/PMO-Objects/Page_Add New Project Request/Notes-Field'

2019-04-15 14:41:22 - [MESSAGE][PASSED] - I want to fill Notes field

2019-04-15 14:41:22 - [TEST_STEP][PASSED] - I want to click send idea button: I want to click send idea button

2019-04-15 14:41:22 - [MESSAGE][WARNING] - Timeout '0' is invalid. Using default page load timeout: '30'

2019-04-15 14:41:22 - [MESSAGE][PASSED] - Scroll to object 'Object Repository/PMO-Objects/Page_Add New Project Request/CardBlock' successfully

2019-04-15 14:41:22 - [MESSAGE][PASSED] - Object: 'Object Repository/PMO-Objects/Page_Add New Project Request/SendIdeaButton' is focused

2019-04-15 14:41:22 - [MESSAGE][PASSED] - Object: 'Object Repository/PMO-Objects/Page_Add New Project Request/SendIdeaButton' is hovered

2019-04-15 14:41:22 - [MESSAGE][PASSED] - Object 'Object Repository/PMO-Objects/Page_Add New Project Request/SendIdeaButton' is clickable

2019-04-15 14:41:22 - [MESSAGE][PASSED] - Object: 'Object Repository/PMO-Objects/Page_Add New Project Request/SendIdeaButton' is clicked on

2019-04-15 14:41:22 - [MESSAGE][PASSED] - I want to click send idea button

2019-04-15 14:41:22 - [TEST_STEP][PASSED] - I want to check start date greater than end date error message: I want to check start date greater than end date error message

2019-04-15 14:41:22 - [MESSAGE][PASSED] - Actual text and expected text of test object 'Object Repository/PMO-Objects/Page_Add New Project Request/ErrorMessage' are matched.

2019-04-15 14:41:22 - [MESSAGE][PASSED] - I want to check start date greater than end date error message

2019-04-15 14:41:22 - [TEST_STEP][PASSED] - I want to close browser: I want to close browser

2019-04-15 14:41:23 - [MESSAGE][PASSED] - Browser is closed

2019-04-15 14:41:23 - [MESSAGE][PASSED] - I want to close browser

2019-04-15 14:41:23 - [MESSAGE][PASSED] - Feature file: 'Include/features/Main-Features/012-Start-Date-Greater-Than-End-Date.feature' was passed]]></system-out>
         <system-err><![CDATA[]]></system-err>
      </testcase>
      <testcase name="Test Cases/Main-Test-Cases/013-Check-Duration-Field" classname="Test Cases/Main-Test-Cases/013-Check-Duration-Field" status="PASSED">
         <system-out><![CDATA[2019-04-15 14:41:23 - [TEST_CASE][PASSED] - Test Cases/Main-Test-Cases/013-Check-Duration-Field: Test Cases/Main-Test-Cases/013-Check-Duration-Field

2019-04-15 14:41:23 - [TEST_STEP][PASSED] - runFeatureFile("Include/features/Main-Features/013-Check-Duration-Field.feature"): Feature file: 'Include/features/Main-Features/013-Check-Duration-Field.feature' was passed

2019-04-15 14:41:23 - [MESSAGE][INFO] - Starting run keyword runFeatureFile: 'Include/features/Main-Features/013-Check-Duration-Field.feature' and extract report to folder: 'C:\Users\HP\git\PMO-Web-Application\Reports\First-Test-Suite\20190415_143604/cucumber_report/1555328483748'...

2019-04-15 14:41:23 - [TEST_CASE][PASSED] - Start Test Case : SCENARIO check that duration field filled automatically: SCENARIO check that duration field filled automatically

2019-04-15 14:41:23 - [TEST_STEP][PASSED] - I want to open browser: I want to open browser

2019-04-15 14:41:23 - [MESSAGE][INFO] - Starting 'Chrome' driver

2019-04-15 14:41:25 - [MESSAGE][PASSED] - Browser is opened with url: ''

2019-04-15 14:41:25 - [MESSAGE][PASSED] - Delete all cookies successfully

2019-04-15 14:41:25 - [MESSAGE][PASSED] - I want to open browser

2019-04-15 14:41:25 - [TEST_STEP][PASSED] - I want to maximize window: I want to maximize window

2019-04-15 14:41:27 - [MESSAGE][PASSED] - Current window maximized

2019-04-15 14:41:27 - [MESSAGE][PASSED] - I want to maximize window

2019-04-15 14:41:27 - [TEST_STEP][PASSED] - I want to go to OOB: I want to go to OOB

2019-04-15 14:41:37 - [MESSAGE][PASSED] - Navigate to 'http://pmoadmin:P@ssw0rd@dev5.cloudapp.net/OOB2/' successfully

2019-04-15 14:41:37 - [MESSAGE][PASSED] - I want to go to OOB

2019-04-15 14:41:37 - [TEST_STEP][PASSED] - I want to verify I'm in OOB main page: I want to verify I'm in OOB main page

2019-04-15 14:41:37 - [MESSAGE][WARNING] - Timeout '0' is invalid. Using default page load timeout: '30'

2019-04-15 14:41:37 - [MESSAGE][PASSED] - Object 'Object Repository/OOB-Objects/OOB-Side-Bar' is present

2019-04-15 14:41:37 - [MESSAGE][PASSED] - I want to verify I'm in OOB main page

2019-04-15 14:41:37 - [TEST_STEP][PASSED] - I want to go to ideas list page: I want to go to ideas list page

2019-04-15 14:41:43 - [MESSAGE][PASSED] - Object: 'Object Repository/OOB-Objects/IdeasList' is clicked on

2019-04-15 14:41:43 - [MESSAGE][PASSED] - I want to go to ideas list page

2019-04-15 14:41:43 - [TEST_STEP][PASSED] - I want to click on Add New button: I want to click on Add New button

2019-04-15 14:41:44 - [MESSAGE][PASSED] - Object: 'Object Repository/PMO-Objects/Page_Project Request/Add-New-Project-Request' is clicked on

2019-04-15 14:41:44 - [MESSAGE][PASSED] - I want to click on Add New button

2019-04-15 14:41:44 - [TEST_STEP][PASSED] - I want to fill idea name field: I want to fill idea name field

2019-04-15 14:41:44 - [MESSAGE][PASSED] - Text 'Automation3958' is set on object 'Object Repository/PMO-Objects/Page_Add New Project Request/Idea-Name-Field'

2019-04-15 14:41:44 - [MESSAGE][PASSED] - I want to fill idea name field

2019-04-15 14:41:44 - [TEST_STEP][PASSED] - I want to select expected start date: I want to select expected start date

2019-04-15 14:41:44 - [MESSAGE][PASSED] - Object: 'Object Repository/PMO-Objects/Page_Add New Project Request/GREGORIAN-Start-date-Check-Box' is clicked on

2019-04-15 14:41:45 - [MESSAGE][PASSED] - Object: 'Object Repository/PMO-Objects/Page_Add New Project Request/Excepted-Start-Date' is clicked on

2019-04-15 14:41:45 - [MESSAGE][PASSED] - Object: 'Object Repository/PMO-Objects/Page_Add New Project Request/Day26' is hovered

2019-04-15 14:41:45 - [MESSAGE][PASSED] - Object: 'Object Repository/PMO-Objects/Page_Add New Project Request/Day26' is clicked on

2019-04-15 14:41:45 - [MESSAGE][PASSED] - I want to select expected start date

2019-04-15 14:41:45 - [TEST_STEP][PASSED] - I want to select expected end date: I want to select expected end date

2019-04-15 14:41:45 - [MESSAGE][PASSED] - Object 'Object Repository/PMO-Objects/Page_Add New Project Request/GREGORIAN-End-Date-Check-Box' is visible

2019-04-15 14:41:45 - [MESSAGE][PASSED] - Object: 'Object Repository/PMO-Objects/Page_Add New Project Request/GREGORIAN-End-Date-Check-Box' is clicked on

2019-04-15 14:41:45 - [MESSAGE][PASSED] - Object: 'Object Repository/PMO-Objects/Page_Add New Project Request/Excpected-End-Date' is clicked on

2019-04-15 14:41:45 - [MESSAGE][PASSED] - All options with index in [4] are selected on object 'Object Repository/PMO-Objects/Page_Add New Project Request/EndDateMonthDropdown'

2019-04-15 14:41:45 - [MESSAGE][PASSED] - Object: 'Object Repository/PMO-Objects/Page_Add New Project Request/EndDateDay15' is hovered

2019-04-15 14:41:45 - [MESSAGE][PASSED] - Object: 'Object Repository/PMO-Objects/Page_Add New Project Request/EndDateDay15' is clicked on

2019-04-15 14:41:45 - [MESSAGE][PASSED] - I want to select expected end date

2019-04-15 14:41:45 - [TEST_STEP][PASSED] - I want to check duration field filled automatically: I want to check duration field filled automatically

2019-04-15 14:41:45 - [MESSAGE][PASSED] - Text of object 'Object Repository/PMO-Objects/Page_Add New Project Request/IdeaDurationField' is: ''

2019-04-15 14:41:45 - [MESSAGE][PASSED] - Actual object '' and expected object 'null' are not equal

2019-04-15 14:41:45 - [MESSAGE][PASSED] - I want to check duration field filled automatically

2019-04-15 14:41:45 - [MESSAGE][PASSED] - Feature file: 'Include/features/Main-Features/013-Check-Duration-Field.feature' was passed]]></system-out>
         <system-err><![CDATA[]]></system-err>
      </testcase>
      <system-out><![CDATA[2019-04-15 14:36:05 - [TEST_SUITE][FAILED] - First-Test-Suite: Test Cases/Main-Test-Cases/003-Add-Idea FAILED.
Reason:
com.kms.katalon.core.exception.StepFailedException: Feature file 'Include/features/Main-Features/003-Add-Idea.feature' was failed
	at com.kms.katalon.core.keyword.internal.KeywordMain.stepFailed(KeywordMain.groovy:48)
	at com.kms.katalon.core.keyword.internal.KeywordMain.stepFailed(KeywordMain.groovy)
	at com.kms.katalon.core.keyword.internal.KeywordMain.stepFailed(KeywordMain.groovy:21)
	at com.kms.katalon.core.keyword.internal.KeywordMain$stepFailed$0.call(Unknown Source)
	at com.kms.katalon.core.cucumber.keyword.CucumberBuiltinKeywords$_runFeatureFile_closure1.doCall(CucumberBuiltinKeywords.groovy:82)
	at com.kms.katalon.core.cucumber.keyword.CucumberBuiltinKeywords$_runFeatureFile_closure1.doCall(CucumberBuiltinKeywords.groovy)
	at com.kms.katalon.core.keyword.internal.KeywordMain.runKeyword(KeywordMain.groovy:66)
	at com.kms.katalon.core.keyword.internal.KeywordMain$runKeyword.call(Unknown Source)
	at com.kms.katalon.core.cucumber.keyword.CucumberBuiltinKeywords.runFeatureFile(CucumberBuiltinKeywords.groovy:46)
	at com.kms.katalon.core.cucumber.keyword.CucumberBuiltinKeywords$runFeatureFile$0.callStatic(Unknown Source)
	at com.kms.katalon.core.cucumber.keyword.CucumberBuiltinKeywords.runFeatureFile(CucumberBuiltinKeywords.groovy:101)
	at com.kms.katalon.core.cucumber.keyword.CucumberBuiltinKeywords$runFeatureFile.call(Unknown Source)
	at 003-Add-Idea.run(003-Add-Idea:16)
	at com.kms.katalon.core.main.ScriptEngine.run(ScriptEngine.java:194)
	at com.kms.katalon.core.main.ScriptEngine.runScriptAsRawText(ScriptEngine.java:119)
	at com.kms.katalon.core.main.TestCaseExecutor.runScript(TestCaseExecutor.java:331)
	at com.kms.katalon.core.main.TestCaseExecutor.doExecute(TestCaseExecutor.java:322)
	at com.kms.katalon.core.main.TestCaseExecutor.processExecutionPhase(TestCaseExecutor.java:301)
	at com.kms.katalon.core.main.TestCaseExecutor.accessMainPhase(TestCaseExecutor.java:293)
	at com.kms.katalon.core.main.TestCaseExecutor.execute(TestCaseExecutor.java:227)
	at com.kms.katalon.core.main.TestSuiteExecutor.accessTestCaseMainPhase(TestSuiteExecutor.java:129)
	at com.kms.katalon.core.main.TestSuiteExecutor.accessTestSuiteMainPhase(TestSuiteExecutor.java:112)
	at com.kms.katalon.core.main.TestSuiteExecutor.execute(TestSuiteExecutor.java:81)
	at com.kms.katalon.core.main.TestCaseMain.startTestSuite(TestCaseMain.java:157)
	at com.kms.katalon.core.main.TestCaseMain$startTestSuite$0.call(Unknown Source)
	at TempTestSuite1555328164096.run(TempTestSuite1555328164096.groovy:35)]]></system-out>
      <system-err><![CDATA[2019-04-15 14:36:05 - [TEST_SUITE][FAILED] - First-Test-Suite: Test Cases/Main-Test-Cases/003-Add-Idea FAILED.
Reason:
com.kms.katalon.core.exception.StepFailedException: Feature file 'Include/features/Main-Features/003-Add-Idea.feature' was failed
	at com.kms.katalon.core.keyword.internal.KeywordMain.stepFailed(KeywordMain.groovy:48)
	at com.kms.katalon.core.keyword.internal.KeywordMain.stepFailed(KeywordMain.groovy)
	at com.kms.katalon.core.keyword.internal.KeywordMain.stepFailed(KeywordMain.groovy:21)
	at com.kms.katalon.core.keyword.internal.KeywordMain$stepFailed$0.call(Unknown Source)
	at com.kms.katalon.core.cucumber.keyword.CucumberBuiltinKeywords$_runFeatureFile_closure1.doCall(CucumberBuiltinKeywords.groovy:82)
	at com.kms.katalon.core.cucumber.keyword.CucumberBuiltinKeywords$_runFeatureFile_closure1.doCall(CucumberBuiltinKeywords.groovy)
	at com.kms.katalon.core.keyword.internal.KeywordMain.runKeyword(KeywordMain.groovy:66)
	at com.kms.katalon.core.keyword.internal.KeywordMain$runKeyword.call(Unknown Source)
	at com.kms.katalon.core.cucumber.keyword.CucumberBuiltinKeywords.runFeatureFile(CucumberBuiltinKeywords.groovy:46)
	at com.kms.katalon.core.cucumber.keyword.CucumberBuiltinKeywords$runFeatureFile$0.callStatic(Unknown Source)
	at com.kms.katalon.core.cucumber.keyword.CucumberBuiltinKeywords.runFeatureFile(CucumberBuiltinKeywords.groovy:101)
	at com.kms.katalon.core.cucumber.keyword.CucumberBuiltinKeywords$runFeatureFile.call(Unknown Source)
	at 003-Add-Idea.run(003-Add-Idea:16)
	at com.kms.katalon.core.main.ScriptEngine.run(ScriptEngine.java:194)
	at com.kms.katalon.core.main.ScriptEngine.runScriptAsRawText(ScriptEngine.java:119)
	at com.kms.katalon.core.main.TestCaseExecutor.runScript(TestCaseExecutor.java:331)
	at com.kms.katalon.core.main.TestCaseExecutor.doExecute(TestCaseExecutor.java:322)
	at com.kms.katalon.core.main.TestCaseExecutor.processExecutionPhase(TestCaseExecutor.java:301)
	at com.kms.katalon.core.main.TestCaseExecutor.accessMainPhase(TestCaseExecutor.java:293)
	at com.kms.katalon.core.main.TestCaseExecutor.execute(TestCaseExecutor.java:227)
	at com.kms.katalon.core.main.TestSuiteExecutor.accessTestCaseMainPhase(TestSuiteExecutor.java:129)
	at com.kms.katalon.core.main.TestSuiteExecutor.accessTestSuiteMainPhase(TestSuiteExecutor.java:112)
	at com.kms.katalon.core.main.TestSuiteExecutor.execute(TestSuiteExecutor.java:81)
	at com.kms.katalon.core.main.TestCaseMain.startTestSuite(TestCaseMain.java:157)
	at com.kms.katalon.core.main.TestCaseMain$startTestSuite$0.call(Unknown Source)
	at TempTestSuite1555328164096.run(TempTestSuite1555328164096.groovy:35)]]></system-err>
   </testsuite>
</testsuites>
